===== Fri Aug  2 12:12:00 PDT 2024 =====
company folders are being reviewed...
company folders have been created and updated
poi folders are being reviewed...
poi folders have been created and updated
note library folders are being reviewed...
note library folders have been created and updated
notes are beginning transformation process and delivery
sub-process running over company & POI notes DB
Portal Ventures Thesis - 08|01|24
File ID: 19lY2ztSeD2O-B2yc2xjPwoB5koQImiK5 updated successfully.
Portal Ventures 2022 Notes - 08|01|24
File ID: 1XtLlH2R_avU4Hr1yA_Hmi0IGVlezIgPf updated successfully.
Portal Ventures 2024 Notes - 08|01|24
File ID: 1eL-9Em6XwiR6sBtsiF5AztdUqZJjtuVV updated successfully.
Portal Ventures Interview Notes Bulleted List - 08|01|24
File ID: 1Aga_NW1pEQTJgzs_GJCugoDGRYcIr_p2 updated successfully.
Portal Ventures Interview Notes - 08|01|24
File ID: 1Rb8QIx37JR4Sh2DHo7zLhVLAjBt-ikGg updated successfully.
Portal Ventures Podcast 2023 - 08|01|24
File ID: 1FIhOkVhHvnqDXiIRziDt7wKjhHye3FPc updated successfully.
Portal Ventures Fund Q2 2024 - 08|01|24 
File ID: 187uKLL4evjmn8JUen4sArHIWkZiTmHRo updated successfully.
 testing1- 
File ID: 1MU3PP_saOxDi3h9i5Rqeip3vw0YDbFgW updated successfully.
Testing FUND** INTRO - 
File ID: 1cra7_wjP4aTAX7FgGEg6GxeqLg4t7KQL updated successfully.
sub-process completed for company & POI notes DB
sub-process running over note library for studying DB
Artificial Intelligence Basics Note - 08|01|24 
File ID: 1um275X8j_cZvtImTPx1E_h3QWWLJfB_I updated successfully.
How Bitcoin’ Network Is Upgraded Note - 08|01|24
File ID: 1vd3-gOV-sBzg3H6WbsTHEg5WFc7CY2de updated successfully.
Bitcoin Basics Note - 08|01|24 
File ID: 1XCiyubCRzMtPUzXLvzl_TBOElmImjOJF updated successfully.
Bitcoin Layers Note - 08|01|24 
File ID: 1FwvoHnvkf8gGxfo9fo03PFlgQQo97xtc updated successfully.
Anoma Note - 08|01|24 
File ID: 1We1NPCYqMsiKqmJjGXaHBrU5QmbjUqzx updated successfully.
Gnosis Ecosystem Note - 08|01|24
File ID: 12l9QVj9NqYOoNViu6LUFX3oCYMBWPRHX updated successfully.
Eigen Layer Restaking Basics Note - 08|01|24 
File ID: 1UGabkdRRYZW3HfNjpdlEH_Qnyy5HMNxL updated successfully.
Ethereum Basics Note - 08|01|24 
File ID: 1Q1G4ue31z-nwK19LeBXBFfWJORRw_cRN updated successfully.
Solana Basics Note - 08|01|24 
File ID: 1Km5lNyfquI_SIgLvObCKPnhhEgvGvuVB updated successfully.
Bitcoin Renaissance Note - 06|30|24 
File ID: 1JVs4KuAIm6ZLQCYBQUXOleReHe7SUhJx updated successfully.
Bitcoin Renaissance Note - 01|30|24 
File ID: 1QYVr0EDSpdz23mLJfHBcCr4jwEvdBOtq updated successfully.
FHE Basics Note - 08|01|24 
File ID: 1Ej3AngZ-0O1PTScgiL8LUiKTkQVP8Ld3 updated successfully.
Shared Sequencer Basics Note - 08|01|24 
File ID: 1qW3qehprNWP0vcOeYg6z281M7-dWg_i0 updated successfully.
Testing 
File ID: 1_YKf8osm-4lsl1OR6dEIOvdpkz8o0iOu updated successfully.
File ID: 1T_P7TcUK_R94y1pTxtcVmZwgRi1EPz6j updated successfully.
TESTING
File ID: 1VkDsKPfsNfA4TpZ6_YSzEdFdNcrVe76B updated successfully.
File ID: 149jDCpeldFcIEOhZm8jOopl7zHFPEjvv updated successfully.
sub-process completed for note library in studying DB
notes have been devivered

===== Fri Aug  2 12:17:00 PDT 2024 =====
company folders are being reviewed...
company folders have been created and updated
poi folders are being reviewed...
poi folders have been created and updated
note library folders are being reviewed...
note library folders have been created and updated
notes are beginning transformation process and delivery
sub-process running over company & POI notes DB
Portal Ventures Thesis - 08|01|24
File ID: 19lY2ztSeD2O-B2yc2xjPwoB5koQImiK5 updated successfully.
Portal Ventures 2022 Notes - 08|01|24
File ID: 1XtLlH2R_avU4Hr1yA_Hmi0IGVlezIgPf updated successfully.
Portal Ventures 2024 Notes - 08|01|24
File ID: 1eL-9Em6XwiR6sBtsiF5AztdUqZJjtuVV updated successfully.
Portal Ventures Interview Notes Bulleted List - 08|01|24
File ID: 1Aga_NW1pEQTJgzs_GJCugoDGRYcIr_p2 updated successfully.
Portal Ventures Interview Notes - 08|01|24
File ID: 1Rb8QIx37JR4Sh2DHo7zLhVLAjBt-ikGg updated successfully.
Portal Ventures Podcast 2023 - 08|01|24
File ID: 1FIhOkVhHvnqDXiIRziDt7wKjhHye3FPc updated successfully.
Portal Ventures Fund Q2 2024 - 08|01|24 
File ID: 187uKLL4evjmn8JUen4sArHIWkZiTmHRo updated successfully.
sub-process completed for company & POI notes DB
sub-process running over note library for studying DB
Artificial Intelligence Basics Note - 08|01|24 
File ID: 1um275X8j_cZvtImTPx1E_h3QWWLJfB_I updated successfully.
How Bitcoin’ Network Is Upgraded Note - 08|01|24
File ID: 1vd3-gOV-sBzg3H6WbsTHEg5WFc7CY2de updated successfully.
Bitcoin Basics Note - 08|01|24 
File ID: 1XCiyubCRzMtPUzXLvzl_TBOElmImjOJF updated successfully.
Bitcoin Layers Note - 08|01|24 
File ID: 1FwvoHnvkf8gGxfo9fo03PFlgQQo97xtc updated successfully.
Anoma Note - 08|01|24 
File ID: 1We1NPCYqMsiKqmJjGXaHBrU5QmbjUqzx updated successfully.
Gnosis Ecosystem Note - 08|01|24
File ID: 12l9QVj9NqYOoNViu6LUFX3oCYMBWPRHX updated successfully.
Eigen Layer Restaking Basics Note - 08|01|24 
File ID: 1UGabkdRRYZW3HfNjpdlEH_Qnyy5HMNxL updated successfully.
Ethereum Basics Note - 08|01|24 
File ID: 1Q1G4ue31z-nwK19LeBXBFfWJORRw_cRN updated successfully.
Solana Basics Note - 08|01|24 
File ID: 1Km5lNyfquI_SIgLvObCKPnhhEgvGvuVB updated successfully.
Bitcoin Renaissance Note - 06|30|24 
File ID: 1JVs4KuAIm6ZLQCYBQUXOleReHe7SUhJx updated successfully.
Bitcoin Renaissance Note - 01|30|24 
File ID: 1QYVr0EDSpdz23mLJfHBcCr4jwEvdBOtq updated successfully.
FHE Basics Note - 08|01|24 
File ID: 1Ej3AngZ-0O1PTScgiL8LUiKTkQVP8Ld3 updated successfully.
Shared Sequencer Basics Note - 08|01|24 
File ID: 1qW3qehprNWP0vcOeYg6z281M7-dWg_i0 updated successfully.
sub-process completed for note library in studying DB
notes have been devivered 

===== Sat Aug  3 23:59:07 PDT 2024 =====
company folders are being reviewed...
company folders have been created and updated
poi folders are being reviewed...
poi folders have been created and updated
note library folders are being reviewed...
note library folders have been created and updated
notes are beginning transformation process and delivery
sub-process running over company & POI notes DB
File ID: 19lY2ztSeD2O-B2yc2xjPwoB5koQImiK5 updated successfully.
File ID: 1XtLlH2R_avU4Hr1yA_Hmi0IGVlezIgPf updated successfully.
File ID: 1eL-9Em6XwiR6sBtsiF5AztdUqZJjtuVV updated successfully.
File ID: 1Aga_NW1pEQTJgzs_GJCugoDGRYcIr_p2 updated successfully.
File ID: 1Rb8QIx37JR4Sh2DHo7zLhVLAjBt-ikGg updated successfully.
File ID: 1FIhOkVhHvnqDXiIRziDt7wKjhHye3FPc updated successfully.
File ID: 187uKLL4evjmn8JUen4sArHIWkZiTmHRo updated successfully.
sub-process completed for company & POI notes DB
sub-process running over note library for studying DB
Traceback (most recent call last):
  File "/Library/Frameworks/Python.framework/Versions/3.12/lib/python3.12/site-packages/httpx/_transports/default.py", line 69, in map_httpcore_exceptions
    yield
  File "/Library/Frameworks/Python.framework/Versions/3.12/lib/python3.12/site-packages/httpx/_transports/default.py", line 233, in handle_request
    resp = self._pool.handle_request(req)
           ^^^^^^^^^^^^^^^^^^^^^^^^^^^^^^
  File "/Library/Frameworks/Python.framework/Versions/3.12/lib/python3.12/site-packages/httpcore/_sync/connection_pool.py", line 216, in handle_request
    raise exc from None
  File "/Library/Frameworks/Python.framework/Versions/3.12/lib/python3.12/site-packages/httpcore/_sync/connection_pool.py", line 196, in handle_request
    response = connection.handle_request(
               ^^^^^^^^^^^^^^^^^^^^^^^^^^
  File "/Library/Frameworks/Python.framework/Versions/3.12/lib/python3.12/site-packages/httpcore/_sync/connection.py", line 101, in handle_request
    return self._connection.handle_request(request)
           ^^^^^^^^^^^^^^^^^^^^^^^^^^^^^^^^^^^^^^^^
  File "/Library/Frameworks/Python.framework/Versions/3.12/lib/python3.12/site-packages/httpcore/_sync/http11.py", line 143, in handle_request
    raise exc
  File "/Library/Frameworks/Python.framework/Versions/3.12/lib/python3.12/site-packages/httpcore/_sync/http11.py", line 113, in handle_request
    ) = self._receive_response_headers(**kwargs)
        ^^^^^^^^^^^^^^^^^^^^^^^^^^^^^^^^^^^^^^^^
  File "/Library/Frameworks/Python.framework/Versions/3.12/lib/python3.12/site-packages/httpcore/_sync/http11.py", line 186, in _receive_response_headers
    event = self._receive_event(timeout=timeout)
            ^^^^^^^^^^^^^^^^^^^^^^^^^^^^^^^^^^^^
  File "/Library/Frameworks/Python.framework/Versions/3.12/lib/python3.12/site-packages/httpcore/_sync/http11.py", line 224, in _receive_event
    data = self._network_stream.read(
           ^^^^^^^^^^^^^^^^^^^^^^^^^^
  File "/Library/Frameworks/Python.framework/Versions/3.12/lib/python3.12/site-packages/httpcore/_backends/sync.py", line 124, in read
    with map_exceptions(exc_map):
  File "/Library/Frameworks/Python.framework/Versions/3.12/lib/python3.12/contextlib.py", line 158, in __exit__
    self.gen.throw(value)
  File "/Library/Frameworks/Python.framework/Versions/3.12/lib/python3.12/site-packages/httpcore/_exceptions.py", line 14, in map_exceptions
    raise to_exc(exc) from exc
httpcore.ReadTimeout: The read operation timed out

The above exception was the direct cause of the following exception:

Traceback (most recent call last):
  File "/Library/Frameworks/Python.framework/Versions/3.12/lib/python3.12/site-packages/notion_client/client.py", line 191, in request
    response = self.client.send(request)
               ^^^^^^^^^^^^^^^^^^^^^^^^^
  File "/Library/Frameworks/Python.framework/Versions/3.12/lib/python3.12/site-packages/httpx/_client.py", line 914, in send
    response = self._send_handling_auth(
               ^^^^^^^^^^^^^^^^^^^^^^^^^
  File "/Library/Frameworks/Python.framework/Versions/3.12/lib/python3.12/site-packages/httpx/_client.py", line 942, in _send_handling_auth
    response = self._send_handling_redirects(
               ^^^^^^^^^^^^^^^^^^^^^^^^^^^^^^
  File "/Library/Frameworks/Python.framework/Versions/3.12/lib/python3.12/site-packages/httpx/_client.py", line 979, in _send_handling_redirects
    response = self._send_single_request(request)
               ^^^^^^^^^^^^^^^^^^^^^^^^^^^^^^^^^^
  File "/Library/Frameworks/Python.framework/Versions/3.12/lib/python3.12/site-packages/httpx/_client.py", line 1015, in _send_single_request
    response = transport.handle_request(request)
               ^^^^^^^^^^^^^^^^^^^^^^^^^^^^^^^^^
  File "/Library/Frameworks/Python.framework/Versions/3.12/lib/python3.12/site-packages/httpx/_transports/default.py", line 232, in handle_request
    with map_httpcore_exceptions():
  File "/Library/Frameworks/Python.framework/Versions/3.12/lib/python3.12/contextlib.py", line 158, in __exit__
    self.gen.throw(value)
  File "/Library/Frameworks/Python.framework/Versions/3.12/lib/python3.12/site-packages/httpx/_transports/default.py", line 86, in map_httpcore_exceptions
    raise mapped_exc(message) from exc
httpx.ReadTimeout: The read operation timed out

During handling of the above exception, another exception occurred:

Traceback (most recent call last):
  File "/Users/malakai/Code/Notion/main.py", line 40, in <module>
    main()
  File "/Users/malakai/Code/Notion/main.py", line 32, in main
    Network_Note_Delivery_Service()
  File "/Users/malakai/Code/Notion/network_note_delivery_service.py", line 204, in Network_Note_Delivery_Service
    library_page_names_and_folder, library_page_ids = page_Transformation_Saving(NOTION_TOKEN, NOTE_LIBRARY_NOTE_DB)
                                                      ^^^^^^^^^^^^^^^^^^^^^^^^^^^^^^^^^^^^^^^^^^^^^^^^^^^^^^^^^^^^^^
  File "/Users/malakai/Code/Notion/network_note_delivery_service.py", line 183, in page_Transformation_Saving
    content = Read_text(client, notion_page_id)
              ^^^^^^^^^^^^^^^^^^^^^^^^^^^^^^^^^
  File "/Users/malakai/Code/Notion/utilities/helper_functions.py", line 44, in Read_text
    response = client.blocks.children.list(block_id=page_id)
               ^^^^^^^^^^^^^^^^^^^^^^^^^^^^^^^^^^^^^^^^^^^^^
  File "/Library/Frameworks/Python.framework/Versions/3.12/lib/python3.12/site-packages/notion_client/api_endpoints.py", line 35, in list
    return self.parent.request(
           ^^^^^^^^^^^^^^^^^^^^
  File "/Library/Frameworks/Python.framework/Versions/3.12/lib/python3.12/site-packages/notion_client/client.py", line 193, in request
    raise RequestTimeoutError()
notion_client.errors.RequestTimeoutError: Request to Notion API has timed out
===== Mon Aug  5 23:59:00 PDT 2024 =====
company folders are being reviewed...
company folders have been created and updated
poi folders are being reviewed...
poi folders have been created and updated
note library folders are being reviewed...
note library folders have been created and updated
notes are beginning transformation process and delivery
sub-process running over company & POI notes DB
File ID: 19lY2ztSeD2O-B2yc2xjPwoB5koQImiK5 updated successfully.
File ID: 1XtLlH2R_avU4Hr1yA_Hmi0IGVlezIgPf updated successfully.
File ID: 1eL-9Em6XwiR6sBtsiF5AztdUqZJjtuVV updated successfully.
File ID: 1Aga_NW1pEQTJgzs_GJCugoDGRYcIr_p2 updated successfully.
File ID: 1Rb8QIx37JR4Sh2DHo7zLhVLAjBt-ikGg updated successfully.
File ID: 1FIhOkVhHvnqDXiIRziDt7wKjhHye3FPc updated successfully.
File ID: 187uKLL4evjmn8JUen4sArHIWkZiTmHRo updated successfully.
sub-process completed for company & POI notes DB
sub-process running over note library for studying DB
File ID: 1um275X8j_cZvtImTPx1E_h3QWWLJfB_I updated successfully.
File ID: 1vd3-gOV-sBzg3H6WbsTHEg5WFc7CY2de updated successfully.
File ID: 1XCiyubCRzMtPUzXLvzl_TBOElmImjOJF updated successfully.
File ID: 1FwvoHnvkf8gGxfo9fo03PFlgQQo97xtc updated successfully.
File ID: 1We1NPCYqMsiKqmJjGXaHBrU5QmbjUqzx updated successfully.
File ID: 12l9QVj9NqYOoNViu6LUFX3oCYMBWPRHX updated successfully.
File ID: 1UGabkdRRYZW3HfNjpdlEH_Qnyy5HMNxL updated successfully.
File ID: 1Q1G4ue31z-nwK19LeBXBFfWJORRw_cRN updated successfully.
File ID: 1Km5lNyfquI_SIgLvObCKPnhhEgvGvuVB updated successfully.
File ID: 1JVs4KuAIm6ZLQCYBQUXOleReHe7SUhJx updated successfully.
File ID: 1QYVr0EDSpdz23mLJfHBcCr4jwEvdBOtq updated successfully.
File ID: 1Ej3AngZ-0O1PTScgiL8LUiKTkQVP8Ld3 updated successfully.
File ID: 1qW3qehprNWP0vcOeYg6z281M7-dWg_i0 updated successfully.
sub-process completed for note library in studying DB
notes have been devivered 

===== Thu Aug  8 23:59:26 PDT 2024 =====
company folders are being reviewed...
company folders have been created and updated
poi folders are being reviewed...
poi folders have been created and updated
note library folders are being reviewed...
note library folders have been created and updated
notes are beginning transformation process and delivery
sub-process running over company & POI notes DB
Traceback (most recent call last):
  File "/Library/Frameworks/Python.framework/Versions/3.12/lib/python3.12/site-packages/httpx/_transports/default.py", line 69, in map_httpcore_exceptions
    yield
  File "/Library/Frameworks/Python.framework/Versions/3.12/lib/python3.12/site-packages/httpx/_transports/default.py", line 233, in handle_request
    resp = self._pool.handle_request(req)
           ^^^^^^^^^^^^^^^^^^^^^^^^^^^^^^
  File "/Library/Frameworks/Python.framework/Versions/3.12/lib/python3.12/site-packages/httpcore/_sync/connection_pool.py", line 216, in handle_request
    raise exc from None
  File "/Library/Frameworks/Python.framework/Versions/3.12/lib/python3.12/site-packages/httpcore/_sync/connection_pool.py", line 196, in handle_request
    response = connection.handle_request(
               ^^^^^^^^^^^^^^^^^^^^^^^^^^
  File "/Library/Frameworks/Python.framework/Versions/3.12/lib/python3.12/site-packages/httpcore/_sync/connection.py", line 101, in handle_request
    return self._connection.handle_request(request)
           ^^^^^^^^^^^^^^^^^^^^^^^^^^^^^^^^^^^^^^^^
  File "/Library/Frameworks/Python.framework/Versions/3.12/lib/python3.12/site-packages/httpcore/_sync/http11.py", line 143, in handle_request
    raise exc
  File "/Library/Frameworks/Python.framework/Versions/3.12/lib/python3.12/site-packages/httpcore/_sync/http11.py", line 113, in handle_request
    ) = self._receive_response_headers(**kwargs)
        ^^^^^^^^^^^^^^^^^^^^^^^^^^^^^^^^^^^^^^^^
  File "/Library/Frameworks/Python.framework/Versions/3.12/lib/python3.12/site-packages/httpcore/_sync/http11.py", line 186, in _receive_response_headers
    event = self._receive_event(timeout=timeout)
            ^^^^^^^^^^^^^^^^^^^^^^^^^^^^^^^^^^^^
  File "/Library/Frameworks/Python.framework/Versions/3.12/lib/python3.12/site-packages/httpcore/_sync/http11.py", line 224, in _receive_event
    data = self._network_stream.read(
           ^^^^^^^^^^^^^^^^^^^^^^^^^^
  File "/Library/Frameworks/Python.framework/Versions/3.12/lib/python3.12/site-packages/httpcore/_backends/sync.py", line 124, in read
    with map_exceptions(exc_map):
  File "/Library/Frameworks/Python.framework/Versions/3.12/lib/python3.12/contextlib.py", line 158, in __exit__
    self.gen.throw(value)
  File "/Library/Frameworks/Python.framework/Versions/3.12/lib/python3.12/site-packages/httpcore/_exceptions.py", line 14, in map_exceptions
    raise to_exc(exc) from exc
httpcore.ReadTimeout: The read operation timed out

The above exception was the direct cause of the following exception:

Traceback (most recent call last):
  File "/Library/Frameworks/Python.framework/Versions/3.12/lib/python3.12/site-packages/notion_client/client.py", line 191, in request
    response = self.client.send(request)
               ^^^^^^^^^^^^^^^^^^^^^^^^^
  File "/Library/Frameworks/Python.framework/Versions/3.12/lib/python3.12/site-packages/httpx/_client.py", line 914, in send
    response = self._send_handling_auth(
               ^^^^^^^^^^^^^^^^^^^^^^^^^
  File "/Library/Frameworks/Python.framework/Versions/3.12/lib/python3.12/site-packages/httpx/_client.py", line 942, in _send_handling_auth
    response = self._send_handling_redirects(
               ^^^^^^^^^^^^^^^^^^^^^^^^^^^^^^
  File "/Library/Frameworks/Python.framework/Versions/3.12/lib/python3.12/site-packages/httpx/_client.py", line 979, in _send_handling_redirects
    response = self._send_single_request(request)
               ^^^^^^^^^^^^^^^^^^^^^^^^^^^^^^^^^^
  File "/Library/Frameworks/Python.framework/Versions/3.12/lib/python3.12/site-packages/httpx/_client.py", line 1015, in _send_single_request
    response = transport.handle_request(request)
               ^^^^^^^^^^^^^^^^^^^^^^^^^^^^^^^^^
  File "/Library/Frameworks/Python.framework/Versions/3.12/lib/python3.12/site-packages/httpx/_transports/default.py", line 232, in handle_request
    with map_httpcore_exceptions():
  File "/Library/Frameworks/Python.framework/Versions/3.12/lib/python3.12/contextlib.py", line 158, in __exit__
    self.gen.throw(value)
  File "/Library/Frameworks/Python.framework/Versions/3.12/lib/python3.12/site-packages/httpx/_transports/default.py", line 86, in map_httpcore_exceptions
    raise mapped_exc(message) from exc
httpx.ReadTimeout: The read operation timed out

During handling of the above exception, another exception occurred:

Traceback (most recent call last):
  File "/Users/malakai/Code/Notion/main.py", line 47, in <module>
    main()
  File "/Users/malakai/Code/Notion/main.py", line 33, in main
    Network_Note_Delivery_Service()
  File "/Users/malakai/Code/Notion/network_note_delivery_service.py", line 197, in Network_Note_Delivery_Service
    networking_page_names_and_folder, networking_page_ids = page_Transformation_Saving(NOTION_TOKEN, COMPANY_POI_NOTE_DB)
                                                            ^^^^^^^^^^^^^^^^^^^^^^^^^^^^^^^^^^^^^^^^^^^^^^^^^^^^^^^^^^^^^
  File "/Users/malakai/Code/Notion/network_note_delivery_service.py", line 183, in page_Transformation_Saving
    content = Read_text(client, notion_page_id)
              ^^^^^^^^^^^^^^^^^^^^^^^^^^^^^^^^^
  File "/Users/malakai/Code/Notion/utilities/helper_functions.py", line 25, in Read_text
    response = client.blocks.children.list(block_id=page_id)
               ^^^^^^^^^^^^^^^^^^^^^^^^^^^^^^^^^^^^^^^^^^^^^
  File "/Library/Frameworks/Python.framework/Versions/3.12/lib/python3.12/site-packages/notion_client/api_endpoints.py", line 35, in list
    return self.parent.request(
           ^^^^^^^^^^^^^^^^^^^^
  File "/Library/Frameworks/Python.framework/Versions/3.12/lib/python3.12/site-packages/notion_client/client.py", line 193, in request
    raise RequestTimeoutError()
notion_client.errors.RequestTimeoutError: Request to Notion API has timed out
===== Fri Aug 16 00:00:24 PDT 2024 =====
company folders are being reviewed...
No State Change Needed
No State Change Needed
No State Change Needed
No State Change Needed
No State Change Needed
No State Change Needed
No State Change Needed
company folders have been created and updated
poi folders are being reviewed...
No State Change Needed
No State Change Needed
No State Change Needed
No State Change Needed
poi folders have been created and updated
note library folders are being reviewed...
No State Change Needed
No State Change Needed
No State Change Needed
No State Change Needed
No State Change Needed
No State Change Needed
No State Change Needed
No State Change Needed
No State Change Needed
No State Change Needed
No State Change Needed
No State Change Needed
No State Change Needed
No State Change Needed
No State Change Needed
No State Change Needed
note library folders have been created and updated
notes are beginning transformation process and delivery
sub-process running over company & POI notes DB
Traceback (most recent call last):
  File "/Library/Frameworks/Python.framework/Versions/3.12/lib/python3.12/site-packages/httpx/_transports/default.py", line 69, in map_httpcore_exceptions
    yield
  File "/Library/Frameworks/Python.framework/Versions/3.12/lib/python3.12/site-packages/httpx/_transports/default.py", line 233, in handle_request
    resp = self._pool.handle_request(req)
           ^^^^^^^^^^^^^^^^^^^^^^^^^^^^^^
  File "/Library/Frameworks/Python.framework/Versions/3.12/lib/python3.12/site-packages/httpcore/_sync/connection_pool.py", line 216, in handle_request
    raise exc from None
  File "/Library/Frameworks/Python.framework/Versions/3.12/lib/python3.12/site-packages/httpcore/_sync/connection_pool.py", line 196, in handle_request
    response = connection.handle_request(
               ^^^^^^^^^^^^^^^^^^^^^^^^^^
  File "/Library/Frameworks/Python.framework/Versions/3.12/lib/python3.12/site-packages/httpcore/_sync/connection.py", line 101, in handle_request
    return self._connection.handle_request(request)
           ^^^^^^^^^^^^^^^^^^^^^^^^^^^^^^^^^^^^^^^^
  File "/Library/Frameworks/Python.framework/Versions/3.12/lib/python3.12/site-packages/httpcore/_sync/http11.py", line 143, in handle_request
    raise exc
  File "/Library/Frameworks/Python.framework/Versions/3.12/lib/python3.12/site-packages/httpcore/_sync/http11.py", line 113, in handle_request
    ) = self._receive_response_headers(**kwargs)
        ^^^^^^^^^^^^^^^^^^^^^^^^^^^^^^^^^^^^^^^^
  File "/Library/Frameworks/Python.framework/Versions/3.12/lib/python3.12/site-packages/httpcore/_sync/http11.py", line 186, in _receive_response_headers
    event = self._receive_event(timeout=timeout)
            ^^^^^^^^^^^^^^^^^^^^^^^^^^^^^^^^^^^^
  File "/Library/Frameworks/Python.framework/Versions/3.12/lib/python3.12/site-packages/httpcore/_sync/http11.py", line 224, in _receive_event
    data = self._network_stream.read(
           ^^^^^^^^^^^^^^^^^^^^^^^^^^
  File "/Library/Frameworks/Python.framework/Versions/3.12/lib/python3.12/site-packages/httpcore/_backends/sync.py", line 124, in read
    with map_exceptions(exc_map):
  File "/Library/Frameworks/Python.framework/Versions/3.12/lib/python3.12/contextlib.py", line 158, in __exit__
    self.gen.throw(value)
  File "/Library/Frameworks/Python.framework/Versions/3.12/lib/python3.12/site-packages/httpcore/_exceptions.py", line 14, in map_exceptions
    raise to_exc(exc) from exc
httpcore.ReadTimeout: The read operation timed out

The above exception was the direct cause of the following exception:

Traceback (most recent call last):
  File "/Library/Frameworks/Python.framework/Versions/3.12/lib/python3.12/site-packages/notion_client/client.py", line 191, in request
    response = self.client.send(request)
               ^^^^^^^^^^^^^^^^^^^^^^^^^
  File "/Library/Frameworks/Python.framework/Versions/3.12/lib/python3.12/site-packages/httpx/_client.py", line 914, in send
    response = self._send_handling_auth(
               ^^^^^^^^^^^^^^^^^^^^^^^^^
  File "/Library/Frameworks/Python.framework/Versions/3.12/lib/python3.12/site-packages/httpx/_client.py", line 942, in _send_handling_auth
    response = self._send_handling_redirects(
               ^^^^^^^^^^^^^^^^^^^^^^^^^^^^^^
  File "/Library/Frameworks/Python.framework/Versions/3.12/lib/python3.12/site-packages/httpx/_client.py", line 979, in _send_handling_redirects
    response = self._send_single_request(request)
               ^^^^^^^^^^^^^^^^^^^^^^^^^^^^^^^^^^
  File "/Library/Frameworks/Python.framework/Versions/3.12/lib/python3.12/site-packages/httpx/_client.py", line 1015, in _send_single_request
    response = transport.handle_request(request)
               ^^^^^^^^^^^^^^^^^^^^^^^^^^^^^^^^^
  File "/Library/Frameworks/Python.framework/Versions/3.12/lib/python3.12/site-packages/httpx/_transports/default.py", line 232, in handle_request
    with map_httpcore_exceptions():
  File "/Library/Frameworks/Python.framework/Versions/3.12/lib/python3.12/contextlib.py", line 158, in __exit__
    self.gen.throw(value)
  File "/Library/Frameworks/Python.framework/Versions/3.12/lib/python3.12/site-packages/httpx/_transports/default.py", line 86, in map_httpcore_exceptions
    raise mapped_exc(message) from exc
httpx.ReadTimeout: The read operation timed out

During handling of the above exception, another exception occurred:

Traceback (most recent call last):
  File "/Users/malakai/Code/Notion/main.py", line 47, in <module>
    main()
  File "/Users/malakai/Code/Notion/main.py", line 33, in main
    Network_Note_Delivery_Service()
  File "/Users/malakai/Code/Notion/network_note_delivery_service.py", line 197, in Network_Note_Delivery_Service
    networking_page_names_and_folder, networking_page_ids = page_Transformation_Saving(NOTION_TOKEN, COMPANY_POI_NOTE_DB)
                                                            ^^^^^^^^^^^^^^^^^^^^^^^^^^^^^^^^^^^^^^^^^^^^^^^^^^^^^^^^^^^^^
  File "/Users/malakai/Code/Notion/network_note_delivery_service.py", line 183, in page_Transformation_Saving
    content = Read_text(client, notion_page_id)
              ^^^^^^^^^^^^^^^^^^^^^^^^^^^^^^^^^
  File "/Users/malakai/Code/Notion/utilities/helper_functions.py", line 25, in Read_text
    response = client.blocks.children.list(block_id=page_id)
               ^^^^^^^^^^^^^^^^^^^^^^^^^^^^^^^^^^^^^^^^^^^^^
  File "/Library/Frameworks/Python.framework/Versions/3.12/lib/python3.12/site-packages/notion_client/api_endpoints.py", line 35, in list
    return self.parent.request(
           ^^^^^^^^^^^^^^^^^^^^
  File "/Library/Frameworks/Python.framework/Versions/3.12/lib/python3.12/site-packages/notion_client/client.py", line 193, in request
    raise RequestTimeoutError()
notion_client.errors.RequestTimeoutError: Request to Notion API has timed out
===== Sun Aug 18 23:59:45 PDT 2024 =====
company folders are being reviewed...
No State Change Needed
No State Change Needed
No State Change Needed
No State Change Needed
No State Change Needed
No State Change Needed
No State Change Needed
company folders have been created and updated
poi folders are being reviewed...
No State Change Needed
No State Change Needed
No State Change Needed
No State Change Needed
No State Change Needed
poi folders have been created and updated
note library folders are being reviewed...
No State Change Needed
No State Change Needed
No State Change Needed
No State Change Needed
No State Change Needed
No State Change Needed
No State Change Needed
No State Change Needed
No State Change Needed
No State Change Needed
No State Change Needed
No State Change Needed
No State Change Needed
No State Change Needed
No State Change Needed
No State Change Needed
note library folders have been created and updated
notes are beginning transformation process and delivery
sub-process running over company & POI notes DB
Traceback (most recent call last):
  File "/Library/Frameworks/Python.framework/Versions/3.12/lib/python3.12/site-packages/httpx/_transports/default.py", line 69, in map_httpcore_exceptions
    yield
  File "/Library/Frameworks/Python.framework/Versions/3.12/lib/python3.12/site-packages/httpx/_transports/default.py", line 233, in handle_request
    resp = self._pool.handle_request(req)
           ^^^^^^^^^^^^^^^^^^^^^^^^^^^^^^
  File "/Library/Frameworks/Python.framework/Versions/3.12/lib/python3.12/site-packages/httpcore/_sync/connection_pool.py", line 216, in handle_request
    raise exc from None
  File "/Library/Frameworks/Python.framework/Versions/3.12/lib/python3.12/site-packages/httpcore/_sync/connection_pool.py", line 196, in handle_request
    response = connection.handle_request(
               ^^^^^^^^^^^^^^^^^^^^^^^^^^
  File "/Library/Frameworks/Python.framework/Versions/3.12/lib/python3.12/site-packages/httpcore/_sync/connection.py", line 101, in handle_request
    return self._connection.handle_request(request)
           ^^^^^^^^^^^^^^^^^^^^^^^^^^^^^^^^^^^^^^^^
  File "/Library/Frameworks/Python.framework/Versions/3.12/lib/python3.12/site-packages/httpcore/_sync/http11.py", line 143, in handle_request
    raise exc
  File "/Library/Frameworks/Python.framework/Versions/3.12/lib/python3.12/site-packages/httpcore/_sync/http11.py", line 113, in handle_request
    ) = self._receive_response_headers(**kwargs)
        ^^^^^^^^^^^^^^^^^^^^^^^^^^^^^^^^^^^^^^^^
  File "/Library/Frameworks/Python.framework/Versions/3.12/lib/python3.12/site-packages/httpcore/_sync/http11.py", line 186, in _receive_response_headers
    event = self._receive_event(timeout=timeout)
            ^^^^^^^^^^^^^^^^^^^^^^^^^^^^^^^^^^^^
  File "/Library/Frameworks/Python.framework/Versions/3.12/lib/python3.12/site-packages/httpcore/_sync/http11.py", line 224, in _receive_event
    data = self._network_stream.read(
           ^^^^^^^^^^^^^^^^^^^^^^^^^^
  File "/Library/Frameworks/Python.framework/Versions/3.12/lib/python3.12/site-packages/httpcore/_backends/sync.py", line 124, in read
    with map_exceptions(exc_map):
  File "/Library/Frameworks/Python.framework/Versions/3.12/lib/python3.12/contextlib.py", line 158, in __exit__
    self.gen.throw(value)
  File "/Library/Frameworks/Python.framework/Versions/3.12/lib/python3.12/site-packages/httpcore/_exceptions.py", line 14, in map_exceptions
    raise to_exc(exc) from exc
httpcore.ReadTimeout: The read operation timed out

The above exception was the direct cause of the following exception:

Traceback (most recent call last):
  File "/Library/Frameworks/Python.framework/Versions/3.12/lib/python3.12/site-packages/notion_client/client.py", line 191, in request
    response = self.client.send(request)
               ^^^^^^^^^^^^^^^^^^^^^^^^^
  File "/Library/Frameworks/Python.framework/Versions/3.12/lib/python3.12/site-packages/httpx/_client.py", line 914, in send
    response = self._send_handling_auth(
               ^^^^^^^^^^^^^^^^^^^^^^^^^
  File "/Library/Frameworks/Python.framework/Versions/3.12/lib/python3.12/site-packages/httpx/_client.py", line 942, in _send_handling_auth
    response = self._send_handling_redirects(
               ^^^^^^^^^^^^^^^^^^^^^^^^^^^^^^
  File "/Library/Frameworks/Python.framework/Versions/3.12/lib/python3.12/site-packages/httpx/_client.py", line 979, in _send_handling_redirects
    response = self._send_single_request(request)
               ^^^^^^^^^^^^^^^^^^^^^^^^^^^^^^^^^^
  File "/Library/Frameworks/Python.framework/Versions/3.12/lib/python3.12/site-packages/httpx/_client.py", line 1015, in _send_single_request
    response = transport.handle_request(request)
               ^^^^^^^^^^^^^^^^^^^^^^^^^^^^^^^^^
  File "/Library/Frameworks/Python.framework/Versions/3.12/lib/python3.12/site-packages/httpx/_transports/default.py", line 232, in handle_request
    with map_httpcore_exceptions():
  File "/Library/Frameworks/Python.framework/Versions/3.12/lib/python3.12/contextlib.py", line 158, in __exit__
    self.gen.throw(value)
  File "/Library/Frameworks/Python.framework/Versions/3.12/lib/python3.12/site-packages/httpx/_transports/default.py", line 86, in map_httpcore_exceptions
    raise mapped_exc(message) from exc
httpx.ReadTimeout: The read operation timed out

During handling of the above exception, another exception occurred:

Traceback (most recent call last):
  File "/Users/malakai/Code/Notion/main.py", line 47, in <module>
    main()
  File "/Users/malakai/Code/Notion/main.py", line 33, in main
    Network_Note_Delivery_Service()
  File "/Users/malakai/Code/Notion/network_note_delivery_service.py", line 197, in Network_Note_Delivery_Service
    networking_page_names_and_folder, networking_page_ids = page_Transformation_Saving(NOTION_TOKEN, COMPANY_POI_NOTE_DB)
                                                            ^^^^^^^^^^^^^^^^^^^^^^^^^^^^^^^^^^^^^^^^^^^^^^^^^^^^^^^^^^^^^
  File "/Users/malakai/Code/Notion/network_note_delivery_service.py", line 186, in page_Transformation_Saving
    simple_blocks = create_simple_blocks_from_content(client, content)
                    ^^^^^^^^^^^^^^^^^^^^^^^^^^^^^^^^^^^^^^^^^^^^^^^^^^
  File "/Users/malakai/Code/Notion/network_note_delivery_service.py", line 110, in create_simple_blocks_from_content
    nested_children = Read_text(client, block_id)  
                      ^^^^^^^^^^^^^^^^^^^^^^^^^^^
  File "/Users/malakai/Code/Notion/utilities/helper_functions.py", line 25, in Read_text
    response = client.blocks.children.list(block_id=page_id)
               ^^^^^^^^^^^^^^^^^^^^^^^^^^^^^^^^^^^^^^^^^^^^^
  File "/Library/Frameworks/Python.framework/Versions/3.12/lib/python3.12/site-packages/notion_client/api_endpoints.py", line 35, in list
    return self.parent.request(
           ^^^^^^^^^^^^^^^^^^^^
  File "/Library/Frameworks/Python.framework/Versions/3.12/lib/python3.12/site-packages/notion_client/client.py", line 193, in request
    raise RequestTimeoutError()
notion_client.errors.RequestTimeoutError: Request to Notion API has timed out
===== Fri Aug 23 23:59:00 PDT 2024 =====
company folders are being reviewed...
Created New Folder: Sats Ventures, 32BB7BE7-2229-42D7-8009-4EE238A72D18, satsventures.com with Folder ID: 12wOvS1RtMFdlx7T3Nnyl9KzugRc2IOpB
No State Change Needed
No State Change Needed
No State Change Needed
No State Change Needed
No State Change Needed
No State Change Needed
No State Change Needed
company folders have been created and updated
poi folders are being reviewed...
No State Change Needed
No State Change Needed
No State Change Needed
No State Change Needed
poi folders have been created and updated
note library folders are being reviewed...
No State Change Needed
No State Change Needed
No State Change Needed
No State Change Needed
No State Change Needed
No State Change Needed
No State Change Needed
No State Change Needed
No State Change Needed
No State Change Needed
No State Change Needed
No State Change Needed
No State Change Needed
No State Change Needed
No State Change Needed
No State Change Needed
note library folders have been created and updated
notes are beginning transformation process and delivery
sub-process running over company & POI notes DB
File ID Uploaded: 1R_Wp0srifY59wQXjpGu7TsWUkGJtbqz7, to folder: 12wOvS1RtMFdlx7T3Nnyl9KzugRc2IOpB
File ID: 1oA_NTMFy5EtOQg0Uh_TmdPcaNFxyJ6NL updated successfully.
File ID: 1cIMuGDOEQrwGb8P-h-O4iGP7FsSFDbU4 updated successfully.
File ID: 1iQ64T5OCdgX1uGA6q-q1t05eCXXM5NiH updated successfully.
File ID: 1JufsRFGdqt6tk-B32RCLWR7xAJljhA9e updated successfully.
File ID: 1ULnucYHOv2YRZEcZb4CYH_GHNpNw01qR updated successfully.
File ID: 1b8iGmA56n1toPaqmTygSPDhWlbIIfFpl updated successfully.
File ID: 1BdjYZMDYCscEw3xlNm_0BbkSlP5HgcdD updated successfully.
File ID: 12Q99TwSnUGuyVxwKSj6-4z445GnF-6Hb updated successfully.
File ID: 1ceNmyPviVpfOMfeAdjY9AGI41qM2xxOA updated successfully.
File ID: 1WZRrOQIhI16rKttLod92uExxu8YFzyFJ updated successfully.
sub-process completed for company & POI notes DB
sub-process running over note library for studying DB
File ID: 1mw3xEFPt2eAJp5Hc_z9f9TouKfGG0sJq updated successfully.
File ID: 1DlDVpfxImLDVE7VukVQ_hiz-9yjgsKCq updated successfully.
File ID: 1VI4gyiDUDEiYvHhwHuHYutDmYUtfE01U updated successfully.
File ID: 109QRN-_Hv81GNfe-JpaDDoCO9cqme63a updated successfully.
File ID: 1WceSBYnNRYKz7XGJR-gh_wjor4RbBMPO updated successfully.
File ID: 1JS98PhbsQ21I48WJYX16U9A0U-PX3ig4 updated successfully.
File ID: 1mc04pNOGkTgf3MBlDkLI_cIuLN-I5fje updated successfully.
File ID: 10hT8xnnInKIb7svkSMvwf7uiNCp5oQDs updated successfully.
File ID: 1U5seGskO0kA5cyTPaT1SKcnjwfNzpx6d updated successfully.
File ID: 1eF7GBmjKn-B0yOYlcqVqfknGm_1zx5XE updated successfully.
File ID: 1h0ejy-DMsbrS8Gnjs-op8dFANoezQQOb updated successfully.
File ID: 1eFzfCCpKfG5UZylfaJm0vM-ppNE2q8TO updated successfully.
File ID: 1T8O_O_9p1WnnDe0IH-oZaKM93oRN6gNy updated successfully.
File ID: 1-ngy3u-k1EtY1rH_xHaSXnk_93IVra-_ updated successfully.
File ID: 1usRJ-iUy4CR8hiHfmZO26NoMImPG0Qns updated successfully.
File ID: 1gIsHx7m6rjswt9AfkXPrtybvqgLrhQrD updated successfully.
File ID: 1Q7A4mmiBTkhjcig8iZdDA0kuaY0qrrFK updated successfully.
File ID: 1Iuh4EMc_saHuk32YA35kFN7qyxPCAvDl updated successfully.
File ID: 1htIsbIcO-ci2nGw8MbebbI5xdKMEo4Z8 updated successfully.
sub-process completed for note library in studying DB
notes have been devivered 

reading your calendar and gathering notes
[]
Error refreshing token: ('invalid_grant: Token has been expired or revoked.', {'error': 'invalid_grant', 'error_description': 'Token has been expired or revoked.'})
Traceback (most recent call last):
  File "/Users/malakai/Code/Notion/main.py", line 47, in <module>
    main()
  File "/Users/malakai/Code/Notion/main.py", line 38, in main
    Calendar_app()
  File "/Users/malakai/Code/Notion/calendar_app.py", line 272, in Calendar_app
    email_delivery_service(event_list)
  File "/Users/malakai/Code/Notion/calendar_app.py", line 229, in email_delivery_service
    gmail_service = build('gmail', 'v1', credentials=creds)
                    ^^^^^^^^^^^^^^^^^^^^^^^^^^^^^^^^^^^^^^^
  File "/Library/Frameworks/Python.framework/Versions/3.12/lib/python3.12/site-packages/googleapiclient/_helpers.py", line 130, in positional_wrapper
    return wrapped(*args, **kwargs)
           ^^^^^^^^^^^^^^^^^^^^^^^^
  File "/Library/Frameworks/Python.framework/Versions/3.12/lib/python3.12/site-packages/googleapiclient/discovery.py", line 315, in build
    service = build_from_document(
              ^^^^^^^^^^^^^^^^^^^^
  File "/Library/Frameworks/Python.framework/Versions/3.12/lib/python3.12/site-packages/googleapiclient/_helpers.py", line 130, in positional_wrapper
    return wrapped(*args, **kwargs)
           ^^^^^^^^^^^^^^^^^^^^^^^^
  File "/Library/Frameworks/Python.framework/Versions/3.12/lib/python3.12/site-packages/googleapiclient/discovery.py", line 616, in build_from_document
    credentials = _auth.default_credentials(
                  ^^^^^^^^^^^^^^^^^^^^^^^^^^
  File "/Library/Frameworks/Python.framework/Versions/3.12/lib/python3.12/site-packages/googleapiclient/_auth.py", line 57, in default_credentials
    credentials, _ = google.auth.default(
                     ^^^^^^^^^^^^^^^^^^^^
  File "/Library/Frameworks/Python.framework/Versions/3.12/lib/python3.12/site-packages/google/auth/_default.py", line 691, in default
    raise exceptions.DefaultCredentialsError(_CLOUD_SDK_MISSING_CREDENTIALS)
google.auth.exceptions.DefaultCredentialsError: Your default credentials were not found. To set up Application Default Credentials, see https://cloud.google.com/docs/authentication/external/set-up-adc for more information.
===== Tue Aug 27 23:59:00 PDT 2024 =====
company folders are being reviewed...
No State Change Needed
No State Change Needed
No State Change Needed
No State Change Needed
No State Change Needed
No State Change Needed
No State Change Needed
No State Change Needed
company folders have been created and updated
poi folders are being reviewed...
No State Change Needed
No State Change Needed
No State Change Needed
No State Change Needed
poi folders have been created and updated
note library folders are being reviewed...
No State Change Needed
No State Change Needed
No State Change Needed
No State Change Needed
No State Change Needed
No State Change Needed
No State Change Needed
No State Change Needed
No State Change Needed
No State Change Needed
No State Change Needed
No State Change Needed
No State Change Needed
No State Change Needed
No State Change Needed
No State Change Needed
note library folders have been created and updated
notes are beginning transformation process and delivery
sub-process running over company & POI notes DB
File ID: 1R_Wp0srifY59wQXjpGu7TsWUkGJtbqz7 updated successfully.
File ID: 1oA_NTMFy5EtOQg0Uh_TmdPcaNFxyJ6NL updated successfully.
File ID: 1cIMuGDOEQrwGb8P-h-O4iGP7FsSFDbU4 updated successfully.
File ID: 1iQ64T5OCdgX1uGA6q-q1t05eCXXM5NiH updated successfully.
File ID: 1JufsRFGdqt6tk-B32RCLWR7xAJljhA9e updated successfully.
File ID: 1ULnucYHOv2YRZEcZb4CYH_GHNpNw01qR updated successfully.
File ID: 1b8iGmA56n1toPaqmTygSPDhWlbIIfFpl updated successfully.
File ID: 1BdjYZMDYCscEw3xlNm_0BbkSlP5HgcdD updated successfully.
File ID: 12Q99TwSnUGuyVxwKSj6-4z445GnF-6Hb updated successfully.
File ID: 1ceNmyPviVpfOMfeAdjY9AGI41qM2xxOA updated successfully.
File ID: 1WZRrOQIhI16rKttLod92uExxu8YFzyFJ updated successfully.
sub-process completed for company & POI notes DB
sub-process running over note library for studying DB
File ID: 1mw3xEFPt2eAJp5Hc_z9f9TouKfGG0sJq updated successfully.
File ID: 1DlDVpfxImLDVE7VukVQ_hiz-9yjgsKCq updated successfully.
File ID: 1VI4gyiDUDEiYvHhwHuHYutDmYUtfE01U updated successfully.
File ID: 109QRN-_Hv81GNfe-JpaDDoCO9cqme63a updated successfully.
File ID: 1WceSBYnNRYKz7XGJR-gh_wjor4RbBMPO updated successfully.
File ID: 1JS98PhbsQ21I48WJYX16U9A0U-PX3ig4 updated successfully.
File ID: 1mc04pNOGkTgf3MBlDkLI_cIuLN-I5fje updated successfully.
File ID: 10hT8xnnInKIb7svkSMvwf7uiNCp5oQDs updated successfully.
File ID: 1U5seGskO0kA5cyTPaT1SKcnjwfNzpx6d updated successfully.
File ID: 1eF7GBmjKn-B0yOYlcqVqfknGm_1zx5XE updated successfully.
File ID: 1h0ejy-DMsbrS8Gnjs-op8dFANoezQQOb updated successfully.
File ID: 1eFzfCCpKfG5UZylfaJm0vM-ppNE2q8TO updated successfully.
File ID: 1T8O_O_9p1WnnDe0IH-oZaKM93oRN6gNy updated successfully.
File ID: 1-ngy3u-k1EtY1rH_xHaSXnk_93IVra-_ updated successfully.
File ID: 1usRJ-iUy4CR8hiHfmZO26NoMImPG0Qns updated successfully.
File ID: 1gIsHx7m6rjswt9AfkXPrtybvqgLrhQrD updated successfully.
File ID: 1Q7A4mmiBTkhjcig8iZdDA0kuaY0qrrFK updated successfully.
File ID: 1Iuh4EMc_saHuk32YA35kFN7qyxPCAvDl updated successfully.
File ID: 1htIsbIcO-ci2nGw8MbebbI5xdKMEo4Z8 updated successfully.
sub-process completed for note library in studying DB
notes have been devivered 

reading your calendar and gathering notes
[]
Error refreshing token: ('invalid_grant: Token has been expired or revoked.', {'error': 'invalid_grant', 'error_description': 'Token has been expired or revoked.'})
Traceback (most recent call last):
  File "/Users/malakai/Code/Notion/main.py", line 47, in <module>
    main()
  File "/Users/malakai/Code/Notion/main.py", line 38, in main
    Calendar_app()
  File "/Users/malakai/Code/Notion/calendar_app.py", line 272, in Calendar_app
    email_delivery_service(event_list)
  File "/Users/malakai/Code/Notion/calendar_app.py", line 229, in email_delivery_service
    gmail_service = build('gmail', 'v1', credentials=creds)
                    ^^^^^^^^^^^^^^^^^^^^^^^^^^^^^^^^^^^^^^^
  File "/Library/Frameworks/Python.framework/Versions/3.12/lib/python3.12/site-packages/googleapiclient/_helpers.py", line 130, in positional_wrapper
    return wrapped(*args, **kwargs)
           ^^^^^^^^^^^^^^^^^^^^^^^^
  File "/Library/Frameworks/Python.framework/Versions/3.12/lib/python3.12/site-packages/googleapiclient/discovery.py", line 315, in build
    service = build_from_document(
              ^^^^^^^^^^^^^^^^^^^^
  File "/Library/Frameworks/Python.framework/Versions/3.12/lib/python3.12/site-packages/googleapiclient/_helpers.py", line 130, in positional_wrapper
    return wrapped(*args, **kwargs)
           ^^^^^^^^^^^^^^^^^^^^^^^^
  File "/Library/Frameworks/Python.framework/Versions/3.12/lib/python3.12/site-packages/googleapiclient/discovery.py", line 616, in build_from_document
    credentials = _auth.default_credentials(
                  ^^^^^^^^^^^^^^^^^^^^^^^^^^
  File "/Library/Frameworks/Python.framework/Versions/3.12/lib/python3.12/site-packages/googleapiclient/_auth.py", line 57, in default_credentials
    credentials, _ = google.auth.default(
                     ^^^^^^^^^^^^^^^^^^^^
  File "/Library/Frameworks/Python.framework/Versions/3.12/lib/python3.12/site-packages/google/auth/_default.py", line 691, in default
    raise exceptions.DefaultCredentialsError(_CLOUD_SDK_MISSING_CREDENTIALS)
google.auth.exceptions.DefaultCredentialsError: Your default credentials were not found. To set up Application Default Credentials, see https://cloud.google.com/docs/authentication/external/set-up-adc for more information.
===== Wed Sep  4 15:49:00 PDT 2024 =====
company folders are being reviewed...
Created New Folder: MISC, DBB94929-9034-454D-9484-2AFE8AD64C5E, misc with Folder ID: 1ZSawPOxyd-aABQrUEd1vteOnUI3bIkom
Created New Folder: No Company, C3CCB54C-8744-40FE-91ED-2D25CE7FF047, unknown with Folder ID: 17ULdibwrjUiiGWSxuoIaB3QHy2dopXc7
Created New Folder: Google, C0E0CC7A-F30F-4B55-9691-4EF290EBB7CA, google.com with Folder ID: 1C6gjniakjv3NeyjvfB3YC1nLF4GLXGfu
Created New Folder: Map Of Zones, 4CB70CF8-84C8-4862-97F0-E249AFA7CE29, unknown with Folder ID: 1gkXs3FUll1IRaC7997TbjKTYHPYgNRYq
Created New Folder: Ingenuity, BB8B09FF-11DA-4619-A579-5B17108C8601, ingenuity.build with Folder ID: 1pdRTIO_df7Oa7yWFN1wZD14ftIFIaIpv
Created New Folder: Blockworks, 371172EA-7FB2-4DFB-B8F6-B8BFCCB64102, blockworks.co with Folder ID: 1yp5Rgvx9-FRnsIaUxdFoqbXrOa5oGE32
Created New Folder: Texas Blockchain, 3F435724-2B01-4FA6-8E32-E7291AEFAFD7, texas.edu with Folder ID: 1jUal8M_eT45E_iM3PPoIoBtmjFOwlEIQ
Created New Folder: Interchain Foundation, 3671C4A9-FA2F-4851-805B-536B24F17A6E, unknown with Folder ID: 1QmbbPT3QkSiX0iKkhPjViOzUT0iOP-kT
Created New Folder: Chorus One, BF1387EF-CD58-45D9-B4D2-3957DBA80751, chorus.one with Folder ID: 1HFJ5PtfHpJUMFQgjd8-uH55PACEBmBOS
Created New Folder: Token Terminal, 9C9776FA-AB08-4E7F-A228-E81B1651ACDC, tokenterminal.xyz with Folder ID: 1JDXDurlaPliRG5B9zSt4mm0QNoaEJNZ9
Created New Folder: Bitwave, BD39241B-8D5D-4223-9179-6659305A09D1, bitwave.io with Folder ID: 1OMNQZRPvjKlOBBEJjrsn8AkKJL57aMWC
Created New Folder: Heirloom, 606D3624-BF79-4AC7-AF84-C5F1F24DAEFD, heirloom.io with Folder ID: 1PSJsZMVoJOikrbkRnn9CHH_Kmp9VzpRy
Created New Folder: HYPE, 173FA159-F081-4DFC-9709-CC619C34D091, hypeshot.io with Folder ID: 1ZqN8rk_63lKYIy05eKvr8uNtmALDsfwl
Created New Folder: Atlas AI, BE3E408C-56E1-4BBD-9E5D-AE8538DBC9E3, trianglelabs.com with Folder ID: 1cOgvf6ASvkkDGTJaWNBHP9goHkKXUJLf
Created New Folder: Lens, C9695C6A-3708-4602-857A-BC20715385C4, avara.xyz with Folder ID: 15UPg32jUu5VAvaJEk4zobD8Ukkh0Hd9t
Created New Folder: Artemis, 777F4F2F-D578-4AC2-BA3A-2EA46C1BE64F, artemisanalytics.xyz with Folder ID: 1jYQvbLNME7Bgbz3yvduVB6u-cf0VxsjU
Created New Folder: Squiggle DAO, 85418AC9-3D0B-42F0-BE12-0A78FC5223B8, squiggledao.com with Folder ID: 1jFS7SnxfeUTdUy02yCGaU06XfwRPRolA
Created New Folder: Lemniscap VC, 608752F7-471D-43AE-AD3C-CE0F2A367BBD, lemniscap.vc with Folder ID: 1SFw4XkjnZP2bHXXB__bvuT7f1-9HfZXN
Created New Folder: Monad, E4C55CFA-281F-44C6-9354-D541A963993A, monad.xyz with Folder ID: 1RktgfEft2Tt_U1YXyB7Bnff6kcGU0jRU
Created New Folder: Noble, AA4BCADC-81C6-44C1-A810-6561CFAF0480, noble.com with Folder ID: 1btA4WMdoO5lWU2KWb4wkXpQ7ZXY726mT
Created New Folder: Raad Labs, 999F91AB-A1EE-4937-9B18-DEF815742BE9, raadlabs.xyz with Folder ID: 1Zb8d2hmXR5z47Ig-Luh4QzP5dwhOQYXX
Created New Folder: Althea Network, 49BF5DAD-9784-4394-8662-623BCEF6E0A7, althea.net with Folder ID: 1N0sh0JfXC0pNeRmJFal7jD2Tu9BiauLc
Created New Folder: StrangeLove, FCB72665-69A3-4E31-99E6-8E7261E62090, strange.love with Folder ID: 1Vf_rHjhpwzP_Eg-FVsGgciBWNksb6-Es
Created New Folder: Osmosis, BBFE9564-53B1-4E94-B7CA-16E67851EFB7, unknown with Folder ID: 1_e6u4QGeivDplidcRquAtSj1d5QLSIx_
Created New Folder: Keplr Wallet, 699712D3-EC10-4522-94F6-EB4C27836389, unknown with Folder ID: 1HXqlqe8uvFzOXUot1eY2bINepDSABXHU
Created New Folder: Veda Labs, 98C5779E-4844-49A4-A957-C690D7FFA2A1, unknown with Folder ID: 1ZimCOYeJuv8KygOH61XZN6V_K6o0M8k7
Created New Folder: Coinbase, 7AA25439-3BB8-4EFF-BE45-F28F34C9826F, unknown with Folder ID: 1-DAMGa32B72haBUpgxpNXLGRS57_6M-r
Created New Folder: Hook Protocol, C844B99C-B987-472A-AE36-185DB7B4670B, hook.xyz with Folder ID: 1QfELb6zNZ17ghbOXWlhdF-WT6eW70s92
Created New Folder: Regen Network, B4848F02-1AE6-4BC2-897F-67196C8DC797, unknown with Folder ID: 1I3EZXkAVsMn_yoSvgj6UG5oK3vYtu_z6
Created New Folder: Lido, 37E205E6-633F-4D27-A2F2-B059F10F6FC4, lido.fi with Folder ID: 1-jUsnjg66Uzu_xErlxmHAXlIPAPS4pFA
Created New Folder: Informal Systems, F050DFA2-E92E-438C-AAAD-B4412B353C9A, informal.systems with Folder ID: 1U491DY55frGb4w_ZfpMj88JTDa8dS9kY
Created New Folder: Namada, B23AC971-4B4B-4F03-BF44-0C0D799B43C5, knowable.vc with Folder ID: 1FLJCftWcWfP3LYQuK8RJfl0B8pSQT3u2
Created New Folder: Redacted, 99CBAE30-71F8-4C49-A1FA-691A85CCEB76, redacted.finance with Folder ID: 1-JjrC4_8HknLdO3jznSKKoUI47_-Omx-
Created New Folder: Sommelier, 63DCCE0C-5AE4-4A0B-8383-75FB12BDA30F, unknown with Folder ID: 1Xu2XQZuhbMoYVou1xF7wc6dZiwjLigzm
Created New Folder: Penumbra, 6022CD8C-D3AF-4A2B-ADB9-F847CE079C77, unknown with Folder ID: 13OCiFUNvqqHhihteMezhsmsxITNWlPvW
Created New Folder: Laconic, 61D9BF1C-9D0F-4E73-A298-BB07BB5DEC9C, unknown with Folder ID: 1o8UHEBKiEroc5qvD3MvRCa1Rc_ZkwpAy
Created New Folder: Composable Finance, 56D50472-7258-4131-ABF1-1F8D2C1C8226, unknown with Folder ID: 1T4hHhJh8nTIWUlfww0pe7EqeoB-IWmqJ
Created New Folder: Starkware, 84E9C85B-E8DE-46F2-9DD4-D6A02D76714D, starkware.co with Folder ID: 1RWgfFmNNJwkhzlPQnf1qXRgblvb9zQ7X
Created New Folder: Cosmos Hub, 8141194C-A43E-4A00-A2D4-E77F76370E6B, unknown with Folder ID: 1A1jUK1D8C6n31P7E6vDW56HnjFqVmEbv
Created New Folder: Elys Network, 6DB26CDB-C31B-48C7-823F-D3C3E6E118F5, elys.network with Folder ID: 1vMindJDo1-6OuAe1ixql6qFdMzuIFg2_
Created New Folder: Chainlink, E8C24F81-B0B9-4241-9225-21533C47DFFB, smartcontract.com with Folder ID: 1JyzizeuhX-u3HiQtEq8xZKSb3cFN4pu2
Created New Folder: Visa, FEE6E40A-B2EA-4C2D-8FE0-BF1F596AA1A4, unknown with Folder ID: 12Z5RRBYae9mVzT3Fi0tZDxg2GBdbv5Pg
Created New Folder: Nosana, 41DA5B2C-C434-4982-AFD3-F6F6FB56D164, nosana.io with Folder ID: 1N-hTuwkQcpbG_6My2Fallyw7Z3z0md5g
Created New Folder: FOAM, 2E30ED7B-F0A0-4A47-9730-CB724E4F984E, foam.space with Folder ID: 1REbsMBsRt6sTCY8l0w2sRUtNpshZ0t7n
Created New Folder: Bitgo, 81BA61AD-D11C-4AA9-9C85-CD96F812B3C6, bitgo.com with Folder ID: 1Wxs57YhQbyWjctcu2UXNCbrtlXsNONg2
Created New Folder: Kado, BEE5FD4A-9F1C-4F57-A96F-8440D104A114, kado.money with Folder ID: 1NHMaIa1oiGKcqp1uPj4WSyj9IrDUUyyk
Created New Folder: Wilkie Farr & Gallagher, A6BDFCC6-7165-45C2-A797-1CC2B55EB6DD, wilkie.com with Folder ID: 1C-96SIK-QNTVRL-9PRO9xXzHgTrAdivz
Created New Folder: Ethereum Foundation, A8358466-D30E-460D-B24E-2E7A3F2533AA, ethereum.org with Folder ID: 1wk4bEHKL9a14lr_R8LxUKwRq7Vj8UEh4
Created New Folder: Tribute Labs, D67D8AEE-DF35-4E2B-A9AB-008AB8FC6566, tributelabs.xyz with Folder ID: 1L7aSuHP55tYJapb-vjIWOTp3tzgFExef
Created New Folder: CollegeDAO, DDFE4C3A-EC2E-4BB6-90E9-1B0C0F076E3F, collegedao.io with Folder ID: 1OVFDSA73aOab0lYhNsbUArSDnMFUfIWm
Created New Folder: Berachain, 4D17A02E-EC5C-49F7-9CFA-23F5C1FAA94C, berachain.com with Folder ID: 1HyuPaMX3VLrVFf-go4aoen9ppf7RhNFJ
Created New Folder: Fireblocks, E7152A13-F855-4285-90B7-D5DDE05FF8D5, fireblocks.com with Folder ID: 1HhXggtAwwXM5a-vEmbD_doF3g0_ATuDH
Created New Folder: Arana Ventures, 86EBBC17-A146-4987-B48F-B6624E1E2ACC, arana.ventures with Folder ID: 1h_bKrDIOnd87Ae6fpDElEw-yFx_TMx8u
Created New Folder: Celestia, 7556EE5C-371F-441D-84E4-72C46ED19D63, unknown with Folder ID: 1vVtR7HKesF9_Z9NVi8vcOApZViGmtRg_
Created New Folder: BAF, A48C55EF-ADBD-4463-9755-EC34610593BE, baf.network with Folder ID: 1siGDVhhXWYmKXiO_Sp7mA0oSKiSbe9oY
Created New Folder: Ripple, C40E1FA9-B15E-408B-818A-7151B5BFEB19, ripple.com with Folder ID: 13Bq-UmFAikABf437J1LglGv8bLZw6n8T
Created New Folder: Saga, A99C1613-FEF4-493D-9CC3-87AF88AE41F8, unknown with Folder ID: 1B4MvnzL7yz9N8OikOY18AWZMuJlF-Yeg
Created New Folder: Consensys, 7FB480E0-B245-4721-8523-5E10F7DD52EB, consensys.net with Folder ID: 1NtF-lJl0AgPuJ7unNiGl-HQutl7KRvCm
Created New Folder: Lukso, 8681BAAB-3169-494B-AC66-BF526A694D42, unknown with Folder ID: 1GSmo5h1dlQ746lCJGrsORPwFMGZ9mvBR
Created New Folder: DyDx, B872E9AE-05DA-497B-8CF8-0EA57EAE5784, unknown with Folder ID: 1TIn0jH7ehPoLvNFw_ncMZZlkJexFPiTh
Created New Folder: ENS, 6FCFDE2C-63CF-4445-9E4D-7A706D67197B, unknown with Folder ID: 1v1JhGaWSds4hV3k6D0u5qqrDlgitLsTT
Created New Folder: BNY Mellon, A0F8487D-8C22-4CF7-9B50-62B6FAD42E3F, unknown with Folder ID: 1b5Ygkc5MLEC5CszdBmKTepvX9gMgSYfY
Created New Folder: Nautilus, 77AE2667-EFE0-48A3-A409-13A02F0E3DBC, unknown with Folder ID: 1MUD0_lLa3aeQt8fsv_JX-EZbwEiN5ArA
Created New Folder: Injective, EF09B89D-276C-466B-A006-D983DBD34FA3, unknown with Folder ID: 1Pkmjw77jwPihvTlqwSzit1__oDdli7X9
Created New Folder: Common Wealth, 01D28967-220B-4611-B646-4A603723EB22, common.xyz with Folder ID: 1kCjBoLWAJew0tXZ359hfLDoeRidi4FpT
Created New Folder: Consensys Mesh, 7D4E60CB-679B-4C9E-8517-66CB696BBFB2, mesh.xyz with Folder ID: 1YNp4Px_SMINtHiBE5CWmyabuDFi5TFfh
Created New Folder: Bankless, 508D5813-9C35-46CC-B020-CE132BDDCC32, banklesshq.com with Folder ID: 1goi3k4CqL0Gmo35ITAKLlG0Jon29F8L4
Created New Folder: Axelar, 9D054EDD-3C1E-46B8-A4EA-BC37308877FA, unknown with Folder ID: 1kiM4bzjlFBvIPbovuD0zbM3J7Xs8WtoG
Created New Folder: Near, 4DF36C29-15B5-4605-B464-DE1BC9DB9197, unknown with Folder ID: 1reCgOEZSB6p7sQMD0Sy3fbQLo0NFFWyJ
Created New Folder: AVAX Labs, 8EB0714F-0763-45AA-85CF-0FAC841C7DC5, unknown with Folder ID: 15HD0CgfMCnEVwSrUkROQ2mbWbm_eMyTp
Created New Folder: University Of Oregon, 85FB8F2C-CB56-41D2-A68F-48E2C697C492, uoregon.edu with Folder ID: 1NoePySR3JA4FA7PlVkErOYeElMOV0XpP
Created New Folder: 4 moons, 1B5BD597-7BCD-494B-9781-B69E9ED343C9, unknown with Folder ID: 1dvd8hNNl5ShBVjwChryACe_aobQQrhuz
Created New Folder: Blockchange VC, 32202470-7040-4BC2-AE2C-A16F14E9D510, blockchange.vc with Folder ID: 19P10MA_RS3XEIRq1V2w90AXHTUdaHGFY
Created New Folder: CMT Digital VC, BD18DF21-FDD1-4B75-938B-C20472D0C088, cmt.digital with Folder ID: 1nM7h3ecGXEu4oQQDZ8KXdZqrPR30e-U-
Created New Folder: Artists Capital, 15F59BBE-193E-40A1-AA7B-BC0E017201E2, artistcapital.com with Folder ID: 1BbHM0ae0Ur_eLjYjrEupMrA7cNHy-Nzb
Created New Folder: Escape Velocity 3 VC, C50DBA5C-9D48-47EC-A821-0BF215B353B5, ev3.xyz with Folder ID: 1x0aNyoaecM2Aj7JWwri5bjqNiGCLNmt4
Created New Folder: Peer VC, AEBF2824-0EDF-4B2E-8CFB-5C0A0FB404F0, peer.vc with Folder ID: 1g0pKrqZ5ZKbcL5WaC2Uvr7uW4hth7Vnd
Created New Folder: Cadenza VC, 1470CD6F-1D0F-40E5-B8C6-E6FF21962B6F, cadenza.vc with Folder ID: 1nvbapGUCZkHaReuPZ-DkkazjeJ4YecAi
Created New Folder: Frachtis VC, 57119206-BABB-426A-9BD1-0ECD5726F3B1, frachtis.com with Folder ID: 1xyCNxsc012vKInRPav8qxH17T3uXKlnW
Created New Folder: Frictionless VC, 690EF68B-B72B-4403-8722-9D50EF36234B, frictionless.fund with Folder ID: 1whMlcO9uyevU_R1gY95Jyhur7z1JOhQc
Created New Folder: Chapter One VC, 3D331B32-DCA4-4E77-97CC-5F3FD0FDAE18, chapterone.com with Folder ID: 1rIQDFajR0I3YsAkX8JoaIpJI8xXexDKD
Created New Folder: Yellowcard, B1225BA4-9E39-4AFC-8971-082FB970BAD4, yellowcard.io with Folder ID: 1nmtTcQUU1dRT-xLu0r32ePvXl-72n8JK
Created New Folder: 6th Man Ventures VC, A6D7AF1C-932B-4769-9E95-B36C7AF8887E, 6thman.ventures with Folder ID: 13Z-LnhJmiFv0E3qC3YE3t6NKRQu6RxBA
Created New Folder: Framework Ventures VC, 386A12DF-A74E-4FDD-84D3-9427552DF4ED, framework.ventures with Folder ID: 1hPg0rGFI4DoEixq3UA5ZXN0T7VAhAwCo
Created New Folder: Fabric VC, DB361070-DD01-41E5-8ED1-0477554EE524, fabric.vc with Folder ID: 1hDFKdBYf9hgN94bC-AdGsJQFDNRsNMLX
Created New Folder: Blockchain Capital VC, 4AF55B92-BD34-4B39-9993-6B3F9754EC82, blockchaincapital.com with Folder ID: 1qkXum3RaFvBDLRrx8xjE0fQ748Pu1sIZ
Created New Folder: Bitkraft VC, 6B30FAA3-2988-4CCE-8975-5F484E87A084, bitkraft.vc with Folder ID: 1bYJbWdixvdYb5J2XMLDb03VFpVWqG9M9
Created New Folder: Eden Block VC, 3C4C5203-5F69-4376-B82E-A09305001E8B, edenblock.com with Folder ID: 1TPAJGUaL5OMKXfu9G6S5UzOsxlBPj_yV
Created New Folder: FlipSide, CBB91B3F-B49C-46E4-B0BC-87505C7B47FF, flipsidecrypto.com with Folder ID: 1XI0-fHNr3J7J6Vbunl5YC6FDyfau4IvK
Created New Folder: Very Early VC, E581E427-80AF-4B33-84E7-AB3D9A5B944C, veryearly.xyz with Folder ID: 1xhMZfpybswz95xPqvuuVj_XKwxuLIoGZ
Created New Folder: Republic VC, 68096162-628E-4E24-839D-A93A774D0D79, republic.com with Folder ID: 1bAIidcr2gBVXdM7ptwEVaU2gntK1QzPi
Created New Folder: Evanston Capital VC, 1C9CF0D5-49C5-4835-9B24-3E5CD5713548, evanstoncap.com with Folder ID: 1UUag0dWiHLuQ-aH-0j0t41L-k1yZGaS1
Created New Folder: Inflection VC, 1228AE5D-19A1-4A57-AB67-D0C9930FF494, inflection.xyz with Folder ID: 1uqYPjoZnD31xn10ev7p_kks9F3Ue_Ikq
Created New Folder: V2 Markets, 5A5F696D-F900-40D0-A5FE-264CE25C8894, v2markets.com with Folder ID: 1WsQS06N8RkZNtBe37RyEQM-ZOTPP3HNR
Created New Folder: Faction VC, E203D7E3-9C0B-4DF1-86D1-7D6480580F51, faction.vc with Folder ID: 1HRMbtQtXlisOaP3EuZWg0hj1ERNxtLOV
Created New Folder: Volt Capital VC, 88E45540-186E-4492-8ACA-54D5B4D2B433, volt.capital with Folder ID: 1Uy4IShugCK6ysFFugRgY3RUxMSjJ5ZuW
Created New Folder: Variant Fund VC, C38C3C61-647F-4E1C-95D5-F0C96EB7805E, variant.fund with Folder ID: 15VzOTZhfvpJkCbj4KBDj1XhcH9KXzbBW
Created New Folder: Amitis Capital VC, 6A6F467F-A83B-495B-A515-48F40C1A119B, amitiscapital.com with Folder ID: 1qAEsApj328ztdL5SCOmAM_GwOJGM5OnW
Created New Folder: Topology Ventures VC, 9493439E-FC46-4BED-BAE9-B1E4CDFF4DCC, caseykcaruso@gmail.com with Folder ID: 1TTHJ-z5ZJoVmUAkzM0LIo7i_wd65btVa
Created New Folder: Hivemind Capital VC, B57FAFED-F626-4948-9D92-A250B3FC1D6F, hivemind.capital with Folder ID: 15Uj-s4-pkVeKbl2KMqhzfZorbt0fN2At
company folders have been created and updated
poi folders are being reviewed...
Created New Folder: Alexandra (Ali) Smith, BF331987-393A-479F-9537-8FC1EBC4BB11, aliysmith, 7D4E60CB-679B-4C9E-8517-66CB696BBFB2 with Folder ID: 1FTEUAsnRwL1bHk9mZzdk9pro70YfSoBF
Created New Folder: Jalena Djuric, 33207936-C01F-4410-BC52-61C5EDE773E8, jelena_noble, AA4BCADC-81C6-44C1-A810-6561CFAF0480 with Folder ID: 1NoxdUc7GIHHdP5uJ7q-r2l2NbeqlYHBW
Created New Folder: Sergey Gorbunov, F65BD2A4-42CA-494E-A3C4-8BC3A35D7CE8, sergey@axelar.network, 9D054EDD-3C1E-46B8-A4EA-BC37308877FA with Folder ID: 1ykYUaDP6FELTGyvmW5MO9bFOCu4oVQz6
Created New Folder: Alexey Kashpey, 64F501C2-DE1D-4782-BFE3-770FB1ADF8BA, kashpey@gmail.com, 4CB70CF8-84C8-4862-97F0-E249AFA7CE29 with Folder ID: 1C9DpY0LVtPmA7drns605FXv8Yw1BcTyi
Created New Folder: Roea Mortaki, 4B710A26-09B4-4AAF-8202-359D88775C6E, roea@ingenuity.build, M_roea, BB8B09FF-11DA-4619-A579-5B17108C8601 with Folder ID: 1YN7xZSuJQCDrCa2b47Nv6aW8mmVN4rLz
Created New Folder: Teej Ragsdale, 55F3239A-09E4-4CD1-B165-77CEB02153C0, teej@lupine.capital / Lempheter, 999F91AB-A1EE-4937-9B18-DEF815742BE9 with Folder ID: 1HYUK0kQHndkl-Lz0wAuwP0fuST1Qa-Cs
Created New Folder: Deborah Simpier, 48829945-21A5-442D-A659-E411F7FEEE59, deborah@althea.net, CascadianMesh, 49BF5DAD-9784-4394-8662-623BCEF6E0A7 with Folder ID: 1qTroS8JUvenXn8xNhLtvqzauBXk5u76i
Created New Folder: Jack Zampolin, 570B46C1-462E-43B4-9304-D326394181E2, jack@strange.love, FCB72665-69A3-4E31-99E6-8E7261E62090 with Folder ID: 1x66jBVqGboEKf7CE6Ygr3qvtR4L220Gm
Created New Folder: Aaron Kong, FABDB3B0-9BF8-4E76-85FE-0871D7979DBD, aaronxkong, BBFE9564-53B1-4E94-B7CA-16E67851EFB7 with Folder ID: 1fWs4YNvU4-1AP4jNvJMQh4OvkKv2g5Yo
Created New Folder: Sunny Aggarwal, 117B1915-B5EA-4B75-ADF4-09B5292EEB06, sunnya97, BBFE9564-53B1-4E94-B7CA-16E67851EFB7 with Folder ID: 1hIJ-ch5kSN_lYijfyyxtaM-ewQ5KFryz
Created New Folder: Shelley Chang, 47671DD3-3949-46DC-9087-23A3DED3108C, trafficjelly, BBFE9564-53B1-4E94-B7CA-16E67851EFB7 with Folder ID: 1c3v6B5cvUOFuCQWnk1tOCUSPtuhQL-uj
Created New Folder: Tanner Marshall, A7DC2091-90BC-4BF4-939B-D8C1FE079B7B, waterspinner, BBFE9564-53B1-4E94-B7CA-16E67851EFB7 with Folder ID: 1O7UdWgtSKkwYfdrlCRVVh1pxRUlIC67S
Created New Folder: Nusret Tas, 67F6295A-F703-4F22-AFCD-F67204D3C1FF, nusrettas, C3CCB54C-8744-40FE-91ED-2D25CE7FF047 with Folder ID: 1diOT4q_66FA7N-2l-Owqqnm0DTUSiJTo
Created New Folder: Josh Lee, AEA7EBED-6063-4CCE-A4AC-3EE7F6A1F1A8, dogemos, 699712D3-EC10-4522-94F6-EB4C27836389 with Folder ID: 1JKW8WBJPHafXF9ixPunNYTa_vyIvlEwp
Created New Folder: Jehan Tremback, F6ABD21A-CFDC-491A-98B5-0B02F2BE7015, jehan@informal.systems, F050DFA2-E92E-438C-AAAD-B4412B353C9A with Folder ID: 1e3ammS1JrfAVmeDpVn21BoOIGr4vzEeh
Created New Folder: Stephanie Vaughan, F2ED49D4-2026-4806-8566-A3C79B407D26, stephvaughan, 98C5779E-4844-49A4-A957-C690D7FFA2A1 with Folder ID: 11ZSyzNSXHf74iX5mF1mZdj9BaGZBUkGW
Created New Folder: Eric Wasik, B8AAF7C7-FDA7-40A2-9606-A559C9118DA5, ewasik@gmail.com, 7AA25439-3BB8-4EFF-BE45-F28F34C9826F with Folder ID: 1IGczkA4KZ8GRV36sppyeueFTs5MVwirO
Created New Folder: David Rodriguez, 5E8E2D8C-F035-403B-A83B-16BE483A025C, david.rodriguez@blockworks.co, effortcapital1@gmail.com, 371172EA-7FB2-4DFB-B8F6-B8BFCCB64102 with Folder ID: 13J2RGpFxyCUchb3VnlmSkmE0pNUzDlIp
Created New Folder: Dawson B, A45384EE-EBA4-4C11-8335-D48B9DEB97D2, DawsonBotsford, C3CCB54C-8744-40FE-91ED-2D25CE7FF047 with Folder ID: 17__iAb6iPFtS-ERPNiH9HLYJdcNsPU47
Created New Folder: Lauren Weymouth, 9E47F8D0-29D7-4F02-8ED7-8F53B3423142, lweymouth@ripple.com, C40E1FA9-B15E-408B-818A-7151B5BFEB19 with Folder ID: 12rabvFe8KxOoCRCSJcqGUB_3Y75Ozjy-
Created New Folder: Daniel Nelson, E1435EA7-47C3-44AC-90AC-D96460DDC4D9, dnelson@ripple.com, C40E1FA9-B15E-408B-818A-7151B5BFEB19 with Folder ID: 1dtCL1X8Gwnw44NLDp2VDvZAZ5jO4JzvZ
Created New Folder: Manmit Singh, 854C0763-B6A3-4D03-9EF6-77B7A51660DA, manmit@starkware.co, 84E9C85B-E8DE-46F2-9DD4-D6A02D76714D with Folder ID: 1KvnYYKc7VDGYrvurAdWhtTp-rDkRwsTv
Created New Folder: Jake Nyquist, 0741CC33-51A9-419A-9258-5694A8FC21DF, j@hook.xyz, C844B99C-B987-472A-AE36-185DB7B4670B with Folder ID: 1TV-z42Le7eTLFdQDm2S4S4LdgcmStwzo
Created New Folder: Austin Ryan, 44567990-5A38-43A4-B6D6-7875CEBC186B, austin@hook.xyz, C844B99C-B987-472A-AE36-185DB7B4670B with Folder ID: 1SbQpagTavk84CCXHiM_YRtTTWzAC--cb
Created New Folder: Cameron O’Donnell, DC67165D-A3A8-4CA0-BBA8-F27B33AF4E7D, cameron.odonnell@consensys.net, 7FB480E0-B245-4721-8523-5E10F7DD52EB with Folder ID: 15Gs5WI9j4s0zbqw0g0zpSi6-M0Il9-a6
Created New Folder: Savindu Wimalasooriya, 8778D23A-27BB-4811-8861-753EDF7B3536, savinduw@gmail.com, 3F435724-2B01-4FA6-8E32-E7291AEFAFD7 with Folder ID: 123A5wL2K0uSyLIFoFOwqwEqBe-DtOhVb
Created New Folder: Kamel Benbrik, E3F7CE00-268C-4F58-9E2B-F8F8D4E7AE5B, kbenbrik@chorus.one, kamel.benbrik59@gmail.com, BF1387EF-CD58-45D9-B4D2-3957DBA80751 with Folder ID: 1whAxRtUgWUH5CDCCazVOC03iapwY-22y
Created New Folder: Gregory Landua, D9175109-643D-4ABE-B139-487F40790648, gregory@regen.network, B4848F02-1AE6-4BC2-897F-67196C8DC797 with Folder ID: 17d3IDqi4DpliT-5joPO1RC4wRhPybl8J
Created New Folder: Robb Stack, E3435ED9-4E31-48E4-B05B-EEE5763CCE96, 0xRobbStack, 3671C4A9-FA2F-4851-805B-536B24F17A6E with Folder ID: 1jii-bQh5dc4Md3ixhem6HQDlKZIObk1L
Created New Folder: Drew Roberson, 4F0ED251-BB7E-4DB4-B656-6031885C02A1, drew@lido.fi, 37E205E6-633F-4D27-A2F2-B059F10F6FC4 with Folder ID: 1Q7VgZRxlkYNKAnXdKFsUvItJ4M9chENG
Created New Folder: Adi Seredinschi, 9E36503C-290C-41CA-864B-2009A28A38C8, adi@informal.systems, adiseredinschi, F050DFA2-E92E-438C-AAAD-B4412B353C9A with Folder ID: 1LIznbE0fdLWpSwgXJ1Mu5mxL9tQmGdd3
Created New Folder: Gavin Birch, 669AA0B7-6F9C-4975-AF87-39F22866C413, gavin@knowable.vc, B23AC971-4B4B-4F03-BF44-0C0D799B43C5 with Folder ID: 15iaJrO44FpCLflMPJ0XKJpXm19977YcX
Created New Folder: Connor Flanagan, 1B9DF5A4-4E38-4939-985F-165E0A8FB7FB, ibc_flan, CBB91B3F-B49C-46E4-B0BC-87505C7B47FF with Folder ID: 1zwH1xYEMpDNkdS-roXLMpq2sz27zBufR
Created New Folder: Sami Tannir, 3536A0F6-390A-4BBF-B55D-5122DAF10DA7, sami@redacted.finance, 99CBAE30-71F8-4C49-A1FA-691A85CCEB76 with Folder ID: 1vxrkJu89X6BNrBb6MFt7x9LSQl0pZRz0
Created New Folder: Sam Patel, DB41CBA9-4C62-40C5-A16E-9A6922192E4A, sammy8085, 63DCCE0C-5AE4-4A0B-8383-75FB12BDA30F with Folder ID: 1eNuAKKUZF86I9xnUxXdnALj9BiJzy5UZ
Created New Folder: Henry Devalence, 9C8CDB43-C697-4E1F-8713-11AA5DD5A351, hdevalence, 6022CD8C-D3AF-4A2B-ADB9-F847CE079C77 with Folder ID: 1wDe2NlCxdeZwIe-kbmeZsK0X3ZVXGZzA
Created New Folder: Clara Machina, 5FEB3A39-528B-4659-BB6E-0455C64B76D2, claraexmachina, 699712D3-EC10-4522-94F6-EB4C27836389 with Folder ID: 10LSJoliRRjoMxSqDDD9DRMMLfz_4F9Gb
Created New Folder: Marten O'Grady, 5480B926-B714-41E5-8250-769DA5A7B6EF, martyog613, 61D9BF1C-9D0F-4E73-A298-BB07BB5DEC9C with Folder ID: 11GgtDM890bD5Rz3J0U3zqp3VXUrjAKdu
Created New Folder: Luis Nunez, E5B3EC89-F741-4DC5-B9F5-3579CA29D4DF, mr_big_lu, BF1387EF-CD58-45D9-B4D2-3957DBA80751 with Folder ID: 1Py2_IzROa4teDa2qeSvndK6L-E4mxmND
Created New Folder: Youssef Amrani, 8F72FBC4-2388-40B3-8A6D-C042C5D829ED, youssef_amrani, 8141194C-A43E-4A00-A2D4-E77F76370E6B with Folder ID: 1LIy0EeFTvz4dumWmLsVLasvdxr63tWaT
Created New Folder: Ken Webber, 6A8AFBF7-FEF0-4003-8ED2-62D251A9C68B, kwebber@ripple.com, C40E1FA9-B15E-408B-818A-7151B5BFEB19 with Folder ID: 1sHaeVjToOwH5FBdp8m32MrjREoart4Fe
Created New Folder: Mike Purvis, 00B5AC03-1F96-4B1E-83B6-76D0D06BE531, mikedotexe@gmail.com, C3CCB54C-8744-40FE-91ED-2D25CE7FF047 with Folder ID: 1mOBrUqWYEqMV4nb0ptyT3ksTCFuodnD0
Created New Folder: GianLuca Cremona , B169B765-A8AA-41E7-BE28-18BE9067A12D, giancremona@gmail.com, C3CCB54C-8744-40FE-91ED-2D25CE7FF047 with Folder ID: 1Dc-BHfjVyO-1CUi94nSeOWolmt-idBHz
Created New Folder: June Manuel, C558D518-09B9-4CFD-BBA6-7BEC008498C1, june.manuel@ethereum.org, A8358466-D30E-460D-B24E-2E7A3F2533AA with Folder ID: 1mlzOT399lS4sY9NaVymNjHbyy3CVmoRi
Created New Folder: Boris Stanic, 4AA88D64-A462-4210-8606-FBD49396696D, boris.stanic@ethereum.org, A8358466-D30E-460D-B24E-2E7A3F2533AA with Folder ID: 1h0FlLzUotoBwCcgTgx6J-RV52QNj6Gdr
Created New Folder: Francis Corvino, F5A6B7B0-1AE1-4FEE-AEA1-DEDF88EDDC48, francis@starkware.co, 84E9C85B-E8DE-46F2-9DD4-D6A02D76714D with Folder ID: 1zA8ORBNcf_OFmYrZhjZLBxt24k1gyAry
Created New Folder: Gal Ron, 8D1E06E1-F0AE-4D13-8D45-28CD054E11DF, gal@starkware.co, 84E9C85B-E8DE-46F2-9DD4-D6A02D76714D with Folder ID: 1-TYJ6vTUfJXISsfNVJO3giwx0cDsit0h
Created New Folder: Andrea Kovacic, 9F00ACEA-08E1-4BED-BCBC-FB1964D8701D, andrea@informal.systems, F050DFA2-E92E-438C-AAAD-B4412B353C9A with Folder ID: 1gVHOhCAGKn3wrfpM7YNTJbBkQgDY1oX2
Created New Folder: Nick Harness, DF365E73-CA67-41C5-AEB4-4987193649A2, Nharness77@gmail.com, DDFE4C3A-EC2E-4BB6-90E9-1B0C0F076E3F with Folder ID: 1Ss8eDdTBwjbjN02ztwhEP4J2brEksA2x
Created New Folder: Ankit Malik, 5C9F0216-A339-4A6E-A7F5-8A0585D8BBDB, work@ankitmalik.in, ankitmalik@gmail.com, 8141194C-A43E-4A00-A2D4-E77F76370E6B with Folder ID: 1ZTzofNZaSYGRsdrRowBQxR6k8uLwKEOz
Created New Folder: Isabelle Ki, 2399C698-BD9F-4055-9EF8-E6DA46777029, isabelle@baf.network, A48C55EF-ADBD-4463-9755-EC34610593BE with Folder ID: 19ZZmyfYyQ771hBXBQlJTmBC0Co998L31
Created New Folder: Hesham Aly, F4F66219-35EB-42A1-BF95-F56CDC7A3A9B, hesham@elys.network, @HHA1001, 6DB26CDB-C31B-48C7-823F-D3C3E6E118F5 with Folder ID: 1_u01figcoW62weoydVsW9g7VwkkUivqJ
Created New Folder: Emmanuel Aremu, 12DC9316-E314-4BF7-BF77-9A9356A84E2A, emmanuel@oplabs.co, B01ECCB4-FBEA-4D9E-8756-B363A3B76C40 with Folder ID: 1QhJPAaV0rGelA_3TUjCCNVSoTN37lzax
Created New Folder: Ryan King, D7E82BB7-0132-4FD4-A5BB-2F31453AE0EF, ryan@foam.space, 2E30ED7B-F0A0-4A47-9730-CB724E4F984E with Folder ID: 1e3EI4-QxO8wy4dqV4V8dFxshBUBqcUqS
Created New Folder: Michael Imperiale, CD6004B1-03B6-451B-A4DF-262BD1E0826F, michael.imperiale@smartcontract.com, E8C24F81-B0B9-4241-9225-21533C47DFFB with Folder ID: 1-iHLMDMDJe9bTeQhduLzQLhpb8egVPYl
Created New Folder: Kellen Rice, 822D22F9-5E62-411E-BCE8-900720349DDE, kellenrice35@gmail.com, FEE6E40A-B2EA-4C2D-8FE0-BF1F596AA1A4 with Folder ID: 1gssB4QmTnhxfp7QmYyx20svb5HKDf9as
Created New Folder: Meg Zaverucha, A071D3D7-C6DD-4332-9F35-07C3A95237D7, meg.zaverucha@galaxy.com, 831D127E-372F-40AC-9304-3D78D84AE09E with Folder ID: 1jEnn47arKleW7-LPFDyse0AkMYWdB4Yl
Created New Folder: Caroline Johnova, 2932C8F5-9AA9-44BA-AE53-D0C471DF16C8, caroline@nosana.io, 41DA5B2C-C434-4982-AFD3-F6F6FB56D164 with Folder ID: 1haU2RLxJOY8YUf8r9KZpnqjva4AdonvI
Created New Folder: Nisreen Mandviwala, 05E63470-49F4-43E7-8378-9A6E8A1A92DF, nisreen@nisreenm.com, C3CCB54C-8744-40FE-91ED-2D25CE7FF047 with Folder ID: 1I2O28IQ7RXkYho-hlv5kWxkYQKLyXWFg
Created New Folder: Sebastion Motelay , 390D2DCC-233D-4777-A66B-7D4D38F3D0A4, sebastion@tokenterminal.xyz, 9C9776FA-AB08-4E7F-A228-E81B1651ACDC with Folder ID: 1rJQhW5wVDIshU3mNftPk8SSd-jIy__6D
Created New Folder: Edwin (ed) Shahravan, 887F8E5A-9047-4A46-AD94-390AEF904B1C, ed.shahravan@bitwave.io, BD39241B-8D5D-4223-9179-6659305A09D1 with Folder ID: 1EeaLUszbbs94XXtGEsv3GueEKEvzGw_Q
Created New Folder: Emery Andrew, 84944B2D-3F19-4E1A-8991-DF852A021EB3, emery@kado.money, BEE5FD4A-9F1C-4F57-A96F-8440D104A114 with Folder ID: 1w-R084YxCevTnPohMdOJQf1gbC25CmK5
Created New Folder: Lauren Sanders, 4EDDF3C4-D221-48AF-BA7A-7919D4EA4429, lauren@heirloom.io, 606D3624-BF79-4AC7-AF84-C5F1F24DAEFD with Folder ID: 1W8D-CjIa2kkM5EsWImMSuy2PTMiKehky
Created New Folder: Mark Pettinen, 343B50B1-2C63-44CC-83FF-B3CB4AFED278, mark@common.xyz, 01D28967-220B-4611-B646-4A603723EB22 with Folder ID: 1hU9rIimV8KGTxDRRdK8dWo2U35UYPU4v
Created New Folder: Coleman Moore, 7CA255AC-A20E-4C46-AC69-5F24C26628C0, coleman@foam.space, 2E30ED7B-F0A0-4A47-9730-CB724E4F984E with Folder ID: 1XHguI2YYYUBBMEqresppXPpVEkk6Kf6F
Created New Folder: Freddie Chiong, 6496CBD1-3931-4946-B68D-9223EBD6F64A, freddiechiong@bitgo.com, 81BA61AD-D11C-4AA9-9C85-CD96F812B3C6 with Folder ID: 1WcIB0G7MY4toaavcQ5PRKLgJ2f_N-9a-
Created New Folder: Matthew Welch, 8DC9A2A4-8146-472F-88A8-FE4916553F06, mwelch@ripple.com, C40E1FA9-B15E-408B-818A-7151B5BFEB19 with Folder ID: 16upoTCMyrUhLR1j3BvuaKUn0uXQPML7x
Created New Folder: Sam Broner, F276620C-01B8-4201-A75E-A3390BCCF507, sbroner@a16z.com, E4FD5BD3-82B3-48B0-AFA9-E43A76BAB50E with Folder ID: 1UwEtbCA42k_bHYwZZz1gDwenb9MuQalA
Created New Folder: Vince Dowdle, 7D039285-EB0F-4C85-AA42-A2B41AD6CDBF, vince@kado.money, BEE5FD4A-9F1C-4F57-A96F-8440D104A114 with Folder ID: 1_wFNoIptLciOyCD9-jIBMXQS4DSeYJRq
Created New Folder: Michael Passalacqua, 51059DA8-44EA-462D-ADC3-026961464D89, mpassalacqua@willkie.com, A6BDFCC6-7165-45C2-A797-1CC2B55EB6DD with Folder ID: 1Jsq20HgIX7zgflPg2-WVpSpXPczF5hy8
Created New Folder: Kari Larsen, 4DF3D0E1-8278-4D32-9DE3-C34388DC36CC, klarsen@willkie.com, A6BDFCC6-7165-45C2-A797-1CC2B55EB6DD with Folder ID: 1wqQz4rO93hEJ1aYvFokp6oArua18axD8
Created New Folder: Michael Selig, 9D094ED6-32E8-436E-A1DD-B94857A59B1B, mselig@willkie.com, A6BDFCC6-7165-45C2-A797-1CC2B55EB6DD with Folder ID: 1iAiOOrHpyBLYtGckfU5ScQX3l5cWS4d1
Created New Folder: Brooke Pollack, A8DAE750-B8BC-4ACA-8916-E8C1F1806A90, brooke@huttcapital.com, 50A25026-AF96-499A-A6D1-2A2F3438F9E1 with Folder ID: 1jyoz5XwGFT0J_iG0jK8GoPZ98DETfNgG
Created New Folder: Venessa Koh, 20565F0E-7445-4892-BBB8-05D3A8D253B8, venessa.koh@ethereum.org, A8358466-D30E-460D-B24E-2E7A3F2533AA with Folder ID: 1Nwx2R4VnJNEr_Dr4a5yxmoOjveznxj36
Created New Folder: Aaron Wright, 9A89B844-DBF6-4291-BBE5-B665A2A75BB9, aaron@tributelabs.xyz, D67D8AEE-DF35-4E2B-A9AB-008AB8FC6566 with Folder ID: 1s40752f35tyZUo9xpxc1CXrMEhhWv-kd
Created New Folder: Pri (Priyanka) Desai, 030BA733-9CD9-4EE7-9AFE-5BA84A628F0D, pri@tributelabs.xyz, D67D8AEE-DF35-4E2B-A9AB-008AB8FC6566 with Folder ID: 1MDYRDyIGlBM2aH3wjirD6sOGn56-qDae
Created New Folder: Amanda Young, 6F4F7722-50E5-44B1-A8A4-E06FDA314618, amanda@collabcurrency.com, 96BE0A78-1B0B-44C3-A514-347FA2649D73 with Folder ID: 1zT1y5u7jel4b1coUNXF0aHIqDfINlNM3
Created New Folder: Joshua Sum, 3726438B-7344-4BB7-8E27-23C79EF031B0, joshua@collegedao.io, DDFE4C3A-EC2E-4BB6-90E9-1B0C0F076E3F with Folder ID: 1rF_gxtB2W5XuFVIVLWLso5roitD7qg4M
Created New Folder: MVP, 117B00E1-10B6-491F-9A46-404A63E4D5A7, mvp@berachain.com, 4D17A02E-EC5C-49F7-9CFA-23F5C1FAA94C with Folder ID: 1sslQMrttcRkQUgETImcm0TkLLkWoXJ4e
Created New Folder: Matthew McCool, F90EAB8F-890F-4295-A81C-069AD1227050, mmcool@fireblocks.com, E7152A13-F855-4285-90B7-D5DDE05FF8D5 with Folder ID: 1tOSBoxBA52cLIpfGf_x0NJGPoOqYforX
Created New Folder: Mason Hall, CCDFF520-2DF9-483D-906E-7AEA0AEDA1EB, mhall@a16z.com, E4FD5BD3-82B3-48B0-AFA9-E43A76BAB50E with Folder ID: 16CmSKBgy4r5Vsqmv0daubYzRDncZlIOf
Created New Folder: Porter Smith, 7B9C9FE8-A20B-450E-B175-D29F75875955, psmith@a16z.com, E4FD5BD3-82B3-48B0-AFA9-E43A76BAB50E with Folder ID: 1atIe8rYx4IWIPEaSIr1-Kh_L5ctbnDvI
Created New Folder: Jamie Weintraub, 0229A37E-BD36-4313-A96C-757208B15FC4, jamie.weintraub@smartcontract.com, E8C24F81-B0B9-4241-9225-21533C47DFFB with Folder ID: 13_KbtXsyb4DgbyyJUiphUEKykZaFigO6
Created New Folder: Parth Valecha, E9742957-1DA9-4EA6-B49D-F5E825A06221, parth@arana.ventures, 86EBBC17-A146-4987-B48F-B6624E1E2ACC with Folder ID: 1hvuH69MRGdJ1QzGfG0VwqGaxJXG5wgF-
Created New Folder: Ekram Ahmed, 244BB201-49C4-4323-A16E-9D9823CFD051, ekrahm, 7556EE5C-371F-441D-84E4-72C46ED19D63 with Folder ID: 1Blb4D7tqxuURowZ_MB8PX8GUwnM_QIXR
Created New Folder: Nour, 50FA6B89-CE90-43E8-905E-74946C77EA20, nourassili, A48C55EF-ADBD-4463-9755-EC34610593BE with Folder ID: 1m-JQQcoMepkJWB9FsdgXDOj6zOkVBT9Z
Created New Folder: Abner P, 33BF0052-D53E-49F3-B746-5F30EFDEA033, BiasGoose, C40E1FA9-B15E-408B-818A-7151B5BFEB19 with Folder ID: 17U1IxJovQ15BAKaIDHwNK1Nnjm1rHn9P
Created New Folder: Julian Berridi, 5FED3ED4-CC2A-4E63-A453-6B74D3F753A7, julian2222, C40E1FA9-B15E-408B-818A-7151B5BFEB19 with Folder ID: 1T73O3u-W68Qe_gDmahzzc6kE7qgwSbFJ
Created New Folder: Jin Kwon, 1FD88C8B-6111-4242-AE78-61475AC3FB20, Jinghiskwon, A99C1613-FEF4-493D-9CC3-87AF88AE41F8 with Folder ID: 1KQB_dnL9zNwbeV-NxRW8IS0OnA4sJj-r
Created New Folder: Marco Monaco, 4A9855D2-D78E-4137-B759-8BDA2D72904E, croll83, 7FB480E0-B245-4721-8523-5E10F7DD52EB with Folder ID: 1WtXtFmMdv9nYyUmfvuKTwsFHnl8oYLhO
Created New Folder: Clara Buhring, DFF433CD-C5AC-40A6-AF18-226113D0DBB5,  b_clara, 8681BAAB-3169-494B-AC66-BF526A694D42 with Folder ID: 1iIv6aDXsH97pNw2_6uzKKYyHRMV6rHSu
Created New Folder: Jonathan Wan, 0F0ECBA3-2150-46CE-843C-9FDF68A7DDD4, JonathanLYX, 8681BAAB-3169-494B-AC66-BF526A694D42 with Folder ID: 1EJNR26uKND7ETawM8GCpm89QC_nuHJfy
Created New Folder: Mackay Grant, E0A85376-2396-4586-B6FB-692EA0F38771, mackayg, B872E9AE-05DA-497B-8CF8-0EA57EAE5784 with Folder ID: 1DmAXoDzQfHS8QC9Ds99ydNIKKEgDh9-R
Created New Folder: Eskender Abebe, 289651C2-1649-4631-B934-C93A493AA907, Esk3nder, 6FCFDE2C-63CF-4445-9E4D-7A706D67197B with Folder ID: 114NCDzX62VwmwUvSssZCZ1ZTUOHFAbk3
Created New Folder: Kate Stapleton, A0628532-1007-4285-A379-2D2BD43F1862, Kate_Axl, 9D054EDD-3C1E-46B8-A4EA-BC37308877FA with Folder ID: 1XCgIGceOwCFhZZUAbLPW4QxZ7bRy6JDr
Created New Folder: Austin Ballard, 1FD1CA27-3755-43E5-8A53-233448F769CD, austinballard, A0F8487D-8C22-4CF7-9B50-62B6FAD42E3F with Folder ID: 11Ip0GcDH55glWAIIC9kbpjKxZY_V37Zw
Created New Folder: JJ Ortiz, DE1C38F4-DAE4-48B3-8668-F9903D06014A, jjortiz15, 77AE2667-EFE0-48A3-A409-13A02F0E3DBC with Folder ID: 1Y3WXB7U0MlaGLdXKZGH3qvqBhSdg0PpS
Created New Folder: Cooper Emmons, B0788E03-C045-43E4-BEC7-BA2487CC3ACF, cooperemmons, EF09B89D-276C-466B-A006-D983DBD34FA3 with Folder ID: 1Fi1WwzE0EJuPGkOtHxEq8SXpC0hS0zIL
Created New Folder: Harris Miller, D3763177-75BB-4B1A-8C6F-6D42DE414469, harrisIMiller, 01D28967-220B-4611-B646-4A603723EB22 with Folder ID: 1z03h0WfhOgIKTiWgw4drNZVWmvnEOdOB
Created New Folder: Thomas Rush, 8183847C-B793-416D-B364-54C6A7CDB8C0, thomas.rush@mesh.xyz, thomas_rush, 7D4E60CB-679B-4C9E-8517-66CB696BBFB2 with Folder ID: 1rsfI7Ww5djnj5-zPuuYtc1WP4P-GAeRo
poi folders have been created and updated
note library folders are being reviewed...
No State Change Needed
No State Change Needed
No State Change Needed
No State Change Needed
No State Change Needed
No State Change Needed
No State Change Needed
No State Change Needed
No State Change Needed
No State Change Needed
No State Change Needed
No State Change Needed
No State Change Needed
No State Change Needed
No State Change Needed
No State Change Needed
note library folders have been created and updated
notes are beginning transformation process and delivery
sub-process running over company & POI notes DB
File ID Uploaded: 19Enli5RY3KVjcYe_8RU2gIu1XV-tAASy, to folder: 1ZSawPOxyd-aABQrUEd1vteOnUI3bIkom
File ID Uploaded: 164URUS6TLpfEb55rniBlDjnzilRfO4AC, to folder: 19ZZmyfYyQ771hBXBQlJTmBC0Co998L31
File ID: 1R_Wp0srifY59wQXjpGu7TsWUkGJtbqz7 updated successfully.
File ID: 1oA_NTMFy5EtOQg0Uh_TmdPcaNFxyJ6NL updated successfully.
File ID: 1cIMuGDOEQrwGb8P-h-O4iGP7FsSFDbU4 updated successfully.
File ID: 1JufsRFGdqt6tk-B32RCLWR7xAJljhA9e updated successfully.
File ID: 1ULnucYHOv2YRZEcZb4CYH_GHNpNw01qR updated successfully.
File ID: 1b8iGmA56n1toPaqmTygSPDhWlbIIfFpl updated successfully.
File ID: 1BdjYZMDYCscEw3xlNm_0BbkSlP5HgcdD updated successfully.
File ID: 12Q99TwSnUGuyVxwKSj6-4z445GnF-6Hb updated successfully.
File ID: 1ceNmyPviVpfOMfeAdjY9AGI41qM2xxOA updated successfully.
File ID: 1WZRrOQIhI16rKttLod92uExxu8YFzyFJ updated successfully.
sub-process completed for company & POI notes DB
sub-process running over note library for studying DB
Traceback (most recent call last):
  File "/Users/malakai/Code/Notion/main.py", line 47, in <module>
    main()
  File "/Users/malakai/Code/Notion/main.py", line 33, in main
    Network_Note_Delivery_Service()
  File "/Users/malakai/Code/Notion/network_note_delivery_service.py", line 204, in Network_Note_Delivery_Service
    library_page_names_and_folder, library_page_ids = page_Transformation_Saving(NOTION_TOKEN, NOTE_LIBRARY_NOTE_DB)
                                                      ^^^^^^^^^^^^^^^^^^^^^^^^^^^^^^^^^^^^^^^^^^^^^^^^^^^^^^^^^^^^^^
  File "/Users/malakai/Code/Notion/network_note_delivery_service.py", line 189, in page_Transformation_Saving
    Form_doc(simple_blocks,doc_name)
  File "/Users/malakai/Code/Notion/utilities/docx_utilities.py", line 49, in Form_doc
    process_item(item, doc, level)
  File "/Users/malakai/Code/Notion/utilities/docx_utilities.py", line 39, in process_item
    Add_image_from_url(parent, image_url)
  File "/Users/malakai/Code/Notion/utilities/docx_utilities.py", line 98, in Add_image_from_url
    doc.add_picture(image_stream)
  File "/Library/Frameworks/Python.framework/Versions/3.12/lib/python3.12/site-packages/docx/document.py", line 88, in add_picture
    return run.add_picture(image_path_or_stream, width, height)
           ^^^^^^^^^^^^^^^^^^^^^^^^^^^^^^^^^^^^^^^^^^^^^^^^^^^^
  File "/Library/Frameworks/Python.framework/Versions/3.12/lib/python3.12/site-packages/docx/text/run.py", line 79, in add_picture
    inline = self.part.new_pic_inline(image_path_or_stream, width, height)
             ^^^^^^^^^^^^^^^^^^^^^^^^^^^^^^^^^^^^^^^^^^^^^^^^^^^^^^^^^^^^^
  File "/Library/Frameworks/Python.framework/Versions/3.12/lib/python3.12/site-packages/docx/parts/story.py", line 71, in new_pic_inline
    rId, image = self.get_or_add_image(image_descriptor)
                 ^^^^^^^^^^^^^^^^^^^^^^^^^^^^^^^^^^^^^^^
  File "/Library/Frameworks/Python.framework/Versions/3.12/lib/python3.12/site-packages/docx/parts/story.py", line 37, in get_or_add_image
    image_part = package.get_or_add_image_part(image_descriptor)
                 ^^^^^^^^^^^^^^^^^^^^^^^^^^^^^^^^^^^^^^^^^^^^^^^
  File "/Library/Frameworks/Python.framework/Versions/3.12/lib/python3.12/site-packages/docx/package.py", line 31, in get_or_add_image_part
    return self.image_parts.get_or_add_image_part(image_descriptor)
           ^^^^^^^^^^^^^^^^^^^^^^^^^^^^^^^^^^^^^^^^^^^^^^^^^^^^^^^^
  File "/Library/Frameworks/Python.framework/Versions/3.12/lib/python3.12/site-packages/docx/package.py", line 74, in get_or_add_image_part
    image = Image.from_file(image_descriptor)
            ^^^^^^^^^^^^^^^^^^^^^^^^^^^^^^^^^
  File "/Library/Frameworks/Python.framework/Versions/3.12/lib/python3.12/site-packages/docx/image/image.py", line 50, in from_file
    return cls._from_stream(stream, blob, filename)
           ^^^^^^^^^^^^^^^^^^^^^^^^^^^^^^^^^^^^^^^^
  File "/Library/Frameworks/Python.framework/Versions/3.12/lib/python3.12/site-packages/docx/image/image.py", line 162, in _from_stream
    image_header = _ImageHeaderFactory(stream)
                   ^^^^^^^^^^^^^^^^^^^^^^^^^^^
  File "/Library/Frameworks/Python.framework/Versions/3.12/lib/python3.12/site-packages/docx/image/image.py", line 182, in _ImageHeaderFactory
    raise UnrecognizedImageError
docx.image.exceptions.UnrecognizedImageError
===== Thu Sep  5 13:16:00 PDT 2024 =====
company folders are being reviewed...
No State Change Needed
No State Change Needed
No State Change Needed
No State Change Needed
No State Change Needed
No State Change Needed
No State Change Needed
No State Change Needed
No State Change Needed
No State Change Needed
No State Change Needed
No State Change Needed
No State Change Needed
No State Change Needed
No State Change Needed
No State Change Needed
No State Change Needed
No State Change Needed
No State Change Needed
No State Change Needed
No State Change Needed
No State Change Needed
No State Change Needed
No State Change Needed
No State Change Needed
No State Change Needed
No State Change Needed
No State Change Needed
No State Change Needed
No State Change Needed
No State Change Needed
No State Change Needed
No State Change Needed
No State Change Needed
No State Change Needed
No State Change Needed
No State Change Needed
No State Change Needed
No State Change Needed
No State Change Needed
No State Change Needed
No State Change Needed
No State Change Needed
No State Change Needed
No State Change Needed
No State Change Needed
No State Change Needed
No State Change Needed
No State Change Needed
No State Change Needed
No State Change Needed
No State Change Needed
No State Change Needed
No State Change Needed
No State Change Needed
No State Change Needed
No State Change Needed
No State Change Needed
No State Change Needed
No State Change Needed
No State Change Needed
No State Change Needed
No State Change Needed
No State Change Needed
No State Change Needed
No State Change Needed
No State Change Needed
No State Change Needed
No State Change Needed
No State Change Needed
No State Change Needed
No State Change Needed
No State Change Needed
No State Change Needed
No State Change Needed
No State Change Needed
No State Change Needed
No State Change Needed
No State Change Needed
No State Change Needed
No State Change Needed
No State Change Needed
No State Change Needed
No State Change Needed
No State Change Needed
No State Change Needed
No State Change Needed
No State Change Needed
No State Change Needed
No State Change Needed
No State Change Needed
No State Change Needed
No State Change Needed
No State Change Needed
No State Change Needed
No State Change Needed
No State Change Needed
No State Change Needed
No State Change Needed
No State Change Needed
No State Change Needed
No State Change Needed
No State Change Needed
No State Change Needed
No State Change Needed
No State Change Needed
No State Change Needed
No State Change Needed
No State Change Needed
No State Change Needed
No State Change Needed
No State Change Needed
No State Change Needed
No State Change Needed
No State Change Needed
No State Change Needed
No State Change Needed
No State Change Needed
No State Change Needed
No State Change Needed
No State Change Needed
No State Change Needed
No State Change Needed
No State Change Needed
No State Change Needed
No State Change Needed
No State Change Needed
No State Change Needed
No State Change Needed
No State Change Needed
No State Change Needed
No State Change Needed
No State Change Needed
No State Change Needed
No State Change Needed
No State Change Needed
No State Change Needed
No State Change Needed
No State Change Needed
No State Change Needed
No State Change Needed
No State Change Needed
No State Change Needed
No State Change Needed
No State Change Needed
No State Change Needed
No State Change Needed
No State Change Needed
No State Change Needed
No State Change Needed
No State Change Needed
No State Change Needed
No State Change Needed
No State Change Needed
No State Change Needed
No State Change Needed
No State Change Needed
No State Change Needed
No State Change Needed
No State Change Needed
No State Change Needed
No State Change Needed
No State Change Needed
No State Change Needed
No State Change Needed
No State Change Needed
No State Change Needed
No State Change Needed
No State Change Needed
No State Change Needed
No State Change Needed
No State Change Needed
No State Change Needed
No State Change Needed
No State Change Needed
No State Change Needed
No State Change Needed
No State Change Needed
No State Change Needed
company folders have been created and updated
poi folders are being reviewed...
No State Change Needed
No State Change Needed
No State Change Needed
No State Change Needed
No State Change Needed
No State Change Needed
No State Change Needed
No State Change Needed
No State Change Needed
No State Change Needed
No State Change Needed
No State Change Needed
No State Change Needed
No State Change Needed
No State Change Needed
No State Change Needed
No State Change Needed
No State Change Needed
No State Change Needed
No State Change Needed
No State Change Needed
No State Change Needed
No State Change Needed
No State Change Needed
No State Change Needed
No State Change Needed
No State Change Needed
No State Change Needed
No State Change Needed
No State Change Needed
No State Change Needed
No State Change Needed
No State Change Needed
No State Change Needed
No State Change Needed
No State Change Needed
No State Change Needed
No State Change Needed
No State Change Needed
No State Change Needed
No State Change Needed
No State Change Needed
No State Change Needed
No State Change Needed
No State Change Needed
No State Change Needed
No State Change Needed
No State Change Needed
No State Change Needed
No State Change Needed
No State Change Needed
No State Change Needed
No State Change Needed
No State Change Needed
No State Change Needed
No State Change Needed
No State Change Needed
No State Change Needed
No State Change Needed
No State Change Needed
No State Change Needed
No State Change Needed
No State Change Needed
No State Change Needed
No State Change Needed
No State Change Needed
No State Change Needed
No State Change Needed
No State Change Needed
No State Change Needed
No State Change Needed
No State Change Needed
No State Change Needed
No State Change Needed
No State Change Needed
No State Change Needed
No State Change Needed
No State Change Needed
No State Change Needed
No State Change Needed
No State Change Needed
No State Change Needed
No State Change Needed
No State Change Needed
No State Change Needed
No State Change Needed
No State Change Needed
No State Change Needed
No State Change Needed
No State Change Needed
No State Change Needed
No State Change Needed
No State Change Needed
No State Change Needed
No State Change Needed
No State Change Needed
No State Change Needed
No State Change Needed
No State Change Needed
No State Change Needed
No State Change Needed
No State Change Needed
No State Change Needed
No State Change Needed
No State Change Needed
No State Change Needed
No State Change Needed
No State Change Needed
No State Change Needed
No State Change Needed
No State Change Needed
No State Change Needed
No State Change Needed
No State Change Needed
No State Change Needed
No State Change Needed
No State Change Needed
No State Change Needed
No State Change Needed
No State Change Needed
No State Change Needed
No State Change Needed
No State Change Needed
No State Change Needed
No State Change Needed
No State Change Needed
No State Change Needed
No State Change Needed
No State Change Needed
No State Change Needed
No State Change Needed
No State Change Needed
No State Change Needed
No State Change Needed
No State Change Needed
No State Change Needed
No State Change Needed
No State Change Needed
No State Change Needed
No State Change Needed
No State Change Needed
No State Change Needed
No State Change Needed
No State Change Needed
No State Change Needed
No State Change Needed
No State Change Needed
No State Change Needed
No State Change Needed
No State Change Needed
No State Change Needed
No State Change Needed
No State Change Needed
No State Change Needed
No State Change Needed
No State Change Needed
No State Change Needed
No State Change Needed
No State Change Needed
No State Change Needed
No State Change Needed
No State Change Needed
No State Change Needed
No State Change Needed
No State Change Needed
No State Change Needed
No State Change Needed
No State Change Needed
No State Change Needed
No State Change Needed
No State Change Needed
No State Change Needed
No State Change Needed
No State Change Needed
No State Change Needed
No State Change Needed
No State Change Needed
No State Change Needed
No State Change Needed
No State Change Needed
No State Change Needed
No State Change Needed
No State Change Needed
No State Change Needed
No State Change Needed
No State Change Needed
No State Change Needed
No State Change Needed
No State Change Needed
No State Change Needed
No State Change Needed
No State Change Needed
No State Change Needed
No State Change Needed
No State Change Needed
No State Change Needed
No State Change Needed
No State Change Needed
No State Change Needed
No State Change Needed
No State Change Needed
No State Change Needed
No State Change Needed
No State Change Needed
No State Change Needed
No State Change Needed
No State Change Needed
No State Change Needed
No State Change Needed
No State Change Needed
No State Change Needed
No State Change Needed
No State Change Needed
No State Change Needed
No State Change Needed
No State Change Needed
No State Change Needed
No State Change Needed
No State Change Needed
No State Change Needed
No State Change Needed
No State Change Needed
No State Change Needed
No State Change Needed
No State Change Needed
No State Change Needed
No State Change Needed
No State Change Needed
No State Change Needed
No State Change Needed
No State Change Needed
No State Change Needed
No State Change Needed
No State Change Needed
No State Change Needed
No State Change Needed
No State Change Needed
No State Change Needed
No State Change Needed
No State Change Needed
No State Change Needed
No State Change Needed
No State Change Needed
No State Change Needed
No State Change Needed
No State Change Needed
No State Change Needed
No State Change Needed
No State Change Needed
No State Change Needed
No State Change Needed
No State Change Needed
No State Change Needed
No State Change Needed
No State Change Needed
No State Change Needed
No State Change Needed
No State Change Needed
No State Change Needed
No State Change Needed
No State Change Needed
No State Change Needed
No State Change Needed
No State Change Needed
No State Change Needed
No State Change Needed
poi folders have been created and updated
note library folders are being reviewed...
No State Change Needed
No State Change Needed
No State Change Needed
No State Change Needed
No State Change Needed
No State Change Needed
No State Change Needed
No State Change Needed
No State Change Needed
No State Change Needed
No State Change Needed
No State Change Needed
No State Change Needed
No State Change Needed
No State Change Needed
No State Change Needed
note library folders have been created and updated
notes are beginning transformation process and delivery
sub-process running over company & POI notes DB
File ID: 1Pazz_WQsoQrgRZ6fteNZorghbSwiKyWb updated successfully.
File ID: 10rOgLQOyzHJdFELwN6blS71o-eWMY-sR updated successfully.
File ID: 1t8gPffeVacJBFjHabV9xHZmMoZ0YV4Mr updated successfully.
File ID: 1SPC6uPMY5atcj_pi25RQPmFydVrYIbgd updated successfully.
File ID: 1dV8niGm1vs-ivChuFx-tQYfNxBGOziVi updated successfully.
File ID: 1dhIZGt0ai6a9J8Nvt6q0RhWpu-wvIxxY updated successfully.
File ID: 1ObkvbNlyVb9QtFfipnYNw_yv3lE7qWsl updated successfully.
File ID: 1Eaty-CwvIWeNNDqKGQ85mxI7CSVWWCo_ updated successfully.
File ID: 1tsh3hExwCZuleJytBh1-aG7P_YoXCOiV updated successfully.
File ID: 10pM-QQRz3WvsLHCK4O6BfvgYQQgnMqGO updated successfully.
sub-process completed for company & POI notes DB
sub-process running over note library for studying DB
Error fetching image from URL. Status code: 404
URL does not point to a valid image. Content-Type: text/html; charset=UTF-8
The image at https://lh7-rt.googleusercontent.com/docsz/AD_4nXfUzx5D7F5yN3joIKDTzDYFZ6IzqJW0hMy9tO9snarD2EBOwnDFU99FPW_XBDxVQ1y_McsJHyYrAN_ggTgs9-rd8rC5sjzuSt7Om-9oepuhSIaO2O-WMXNpWfiofih8UzQ8gMR2X-2diw41o6wG_J1B-euP?key=4oiIM__Yn2gT1lb0D0o_MQ is not in a recognized format.
Error fetching image from URL. Status code: 404
URL does not point to a valid image. Content-Type: text/html; charset=UTF-8
The image at https://lh7-rt.googleusercontent.com/docsz/AD_4nXd87neO5A00r0U8hWII4XMzIc7cyckEX2i_5KmGYNZAPQx-hVVlBcYyBa5zQFy21AQMPKtLWh5nDd4bSbMzNkknqbBR11Ze_gpR0DDWRQ-G20MTLIa0kRwphbsM6di6_3UDle_bRg3PIvsmL3oOWJCALaAw?key=PVhxROlV3Vrmt3jeCNNdNQ is not in a recognized format.
Error fetching image from URL. Status code: 404
URL does not point to a valid image. Content-Type: text/html; charset=UTF-8
The image at https://lh7-rt.googleusercontent.com/docsz/AD_4nXf5lhbnI6u139Tppe341cRKIkHVfExiW91qeo50EEoDtpKxmkzGL4q6w7wqrX6k4noUgB_1iJMcHDDJeh-0pFqnDTaPGsx1WoKapktKQEJfK3K5nyS5lcuOWYsxE3JifEJyLSOBlWA3w_8Imjs6xm_Tq0b4?key=PVhxROlV3Vrmt3jeCNNdNQ is not in a recognized format.
Error fetching image from URL. Status code: 404
URL does not point to a valid image. Content-Type: text/html; charset=UTF-8
The image at https://lh7-rt.googleusercontent.com/docsz/AD_4nXcbeu-7itLSuF7bL4NFKHKFCRk6yN-mfis4lTmW9VjMfmI5NgSuNgircUOCn_SMgQ0Ci6AaiBetCnjFxLhV1UrF8Z00ALHzKph219GFTEEufM7LDIVOIXM5CYqeWbKIDkwgviqAZprPgzCx--h8l0NcVp24?key=PVhxROlV3Vrmt3jeCNNdNQ is not in a recognized format.
File ID: 1TxWoIY4V4UJhWiLuok-ye56h6lDQryMy updated successfully.
File ID: 1LXSAIwj2ZZCw8KdIiJ7aosOoJZF2VaMd updated successfully.
File ID: 1F_4PRriIldUv182fD0lQTvYtMvLqHCpK updated successfully.
File ID: 1zDjaNPvXC7mxF9bsx7m2OfkqsfjzNYca updated successfully.
File ID: 1X6kLLk9isH_H8_oSpiXe1Ggn0xJjeadH updated successfully.
File ID: 1Fw64Zax7hbtsniFKi2pJGAYuVzNaK4_v updated successfully.
File ID: 13B-ftr7OcrrzoR9BGVzV519wKSE8uvbl updated successfully.
File ID: 1YKw4_1j5mQPcC1zT1JEjNo__dw0iHzFR updated successfully.
File ID: 1U3y7-t4jlZ_2UBnV6K8m2au49dcTHbgY updated successfully.
File ID: 1tcC3ri8qSKSVucuB4UeO4X7NqCom_DFk updated successfully.
File ID: 11NZ1n8FfTPC_DJZI8wHq0bqXIWqlmEGP updated successfully.
File ID: 1V4n2K_HL4dm7-QTC66xE3PhEyuqk2gmw updated successfully.
File ID: 10pca_KOAFkSsoUdVPD1xr0TWHYKR5gId updated successfully.
File ID: 1WwCB8kAWzyZx2OOvCc3v7MpfLJBWjFfw updated successfully.
File ID: 1sASx9HNQUwxpOP5y_Xao8HmMb_mXwaoi updated successfully.
File ID: 1cp0mzlnjQi6Dy-RlTi9n-wZ52luUu0kh updated successfully.
File ID: 1r_6_apZqoSEokwvfI3NpvKFUBRunsVFp updated successfully.
File ID: 1jPPK1fea6nqB4Lp7znX0loQggCjL2pq3 updated successfully.
File ID: 18mF31oIViFRHZr-g3t5ZOJIEwieiDG8x updated successfully.
sub-process completed for note library in studying DB
notes have been devivered 

reading your calendar and gathering notes
[{'title': 'Bois Lunch - Hush Hush', 'attendees': []}, {'title': 'Eli, Goodfoot', 'attendees': []}, {'title': 'Bobby <> Owen', 'attendees': ['beedleowen@gmail.com', 'obeedle@uoregon.edu', 'robertburkhart08@gmail.com']}]
Token successfully refreshed!
Credentials successfully saved to token.json
emails have been sent!
